<?xml version="1.0" encoding="UTF-8"?>
<robot generator="Robot 3.1.2 (Python 3.8.2 on win32)" generated="20200420 14:09:34.549" rpa="false">
<suite id="s1" name="RebelRentals" source="C:\Jenkins\workspace\AgileRebelRentalsPipeline\Tests\RebelRentals.robot">
<test id="s1-t1" name="User can access RebelRental page">
<kw name="Begin Agile Project Page Test" type="setup">
<kw name="Open Browser" library="SeleniumLibrary">
<doc>Opens a new browser instance to the optional ``url``.</doc>
<arguments>
<arg>about:blank</arg>
<arg>${BROWSER}</arg>
</arguments>
<msg timestamp="20200420 14:09:34.694" level="INFO">Opening browser 'headlessfirefox' to base url 'about:blank'.</msg>
<msg timestamp="20200420 14:09:34.695" level="INFO">Firefox driver log is always forced to to: C:\Jenkins\workspace\AgileRebelRentalsPipeline\geckodriver-13.log</msg>
<status status="PASS" starttime="20200420 14:09:34.694" endtime="20200420 14:09:39.313"></status>
</kw>
<status status="PASS" starttime="20200420 14:09:34.694" endtime="20200420 14:09:39.313"></status>
</kw>
<kw name="Go to Web Page">
<kw name="Go To" library="SeleniumLibrary">
<doc>Navigates the current browser window to the provided ``url``.</doc>
<arguments>
<arg>${URL}</arg>
</arguments>
<msg timestamp="20200420 14:09:39.314" level="INFO">Opening url 'https://localhost:44353'</msg>
<status status="PASS" starttime="20200420 14:09:39.313" endtime="20200420 14:09:39.446"></status>
</kw>
<kw name="Wait Until Page Contains" library="SeleniumLibrary">
<doc>Waits until ``text`` appears on the current page.</doc>
<arguments>
<arg>${SEARCH_TERM}</arg>
</arguments>
<status status="PASS" starttime="20200420 14:09:39.447" endtime="20200420 14:09:39.457"></status>
</kw>
<status status="PASS" starttime="20200420 14:09:39.313" endtime="20200420 14:09:39.458"></status>
</kw>
<kw name="End Agile Project Test" type="teardown">
<kw name="Close Browser" library="SeleniumLibrary">
<doc>Closes the current browser.</doc>
<status status="PASS" starttime="20200420 14:09:39.458" endtime="20200420 14:09:40.055"></status>
</kw>
<status status="PASS" starttime="20200420 14:09:39.458" endtime="20200420 14:09:40.055"></status>
</kw>
<doc>Test: The user should be able to access the RebelRentals page.</doc>
<tags>
<tag>Access</tag>
</tags>
<status status="PASS" starttime="20200420 14:09:34.693" endtime="20200420 14:09:40.055" critical="yes"></status>
</test>
<test id="s1-t2" name="User can switch pages in header menu">
<kw name="Begin Agile Project Page Test" type="setup">
<kw name="Open Browser" library="SeleniumLibrary">
<doc>Opens a new browser instance to the optional ``url``.</doc>
<arguments>
<arg>about:blank</arg>
<arg>${BROWSER}</arg>
</arguments>
<msg timestamp="20200420 14:09:40.056" level="INFO">Opening browser 'headlessfirefox' to base url 'about:blank'.</msg>
<msg timestamp="20200420 14:09:40.057" level="INFO">Firefox driver log is always forced to to: C:\Jenkins\workspace\AgileRebelRentalsPipeline\geckodriver-14.log</msg>
<status status="PASS" starttime="20200420 14:09:40.056" endtime="20200420 14:09:44.658"></status>
</kw>
<status status="PASS" starttime="20200420 14:09:40.056" endtime="20200420 14:09:44.658"></status>
</kw>
<kw name="Go to Web Page">
<kw name="Go To" library="SeleniumLibrary">
<doc>Navigates the current browser window to the provided ``url``.</doc>
<arguments>
<arg>${URL}</arg>
</arguments>
<msg timestamp="20200420 14:09:44.658" level="INFO">Opening url 'https://localhost:44353'</msg>
<status status="PASS" starttime="20200420 14:09:44.658" endtime="20200420 14:09:44.752"></status>
</kw>
<kw name="Wait Until Page Contains" library="SeleniumLibrary">
<doc>Waits until ``text`` appears on the current page.</doc>
<arguments>
<arg>${SEARCH_TERM}</arg>
</arguments>
<status status="PASS" starttime="20200420 14:09:44.752" endtime="20200420 14:09:44.763"></status>
</kw>
<status status="PASS" starttime="20200420 14:09:44.658" endtime="20200420 14:09:44.763"></status>
</kw>
<kw name="Switch to privacy page">
<kw name="Go to Web Page">
<kw name="Go To" library="SeleniumLibrary">
<doc>Navigates the current browser window to the provided ``url``.</doc>
<arguments>
<arg>${URL}</arg>
</arguments>
<msg timestamp="20200420 14:09:44.764" level="INFO">Opening url 'https://localhost:44353'</msg>
<status status="PASS" starttime="20200420 14:09:44.763" endtime="20200420 14:09:44.817"></status>
</kw>
<kw name="Wait Until Page Contains" library="SeleniumLibrary">
<doc>Waits until ``text`` appears on the current page.</doc>
<arguments>
<arg>${SEARCH_TERM}</arg>
</arguments>
<status status="PASS" starttime="20200420 14:09:44.818" endtime="20200420 14:09:44.823"></status>
</kw>
<status status="PASS" starttime="20200420 14:09:44.763" endtime="20200420 14:09:44.823"></status>
</kw>
<kw name="Click Element" library="SeleniumLibrary">
<doc>Click the element identified by ``locator``.</doc>
<arguments>
<arg>xpath://html/body/header/nav/div/div/ul[2]/li[3]/a</arg>
</arguments>
<msg timestamp="20200420 14:09:44.823" level="INFO">Clicking element 'xpath://html/body/header/nav/div/div/ul[2]/li[3]/a'.</msg>
<status status="PASS" starttime="20200420 14:09:44.823" endtime="20200420 14:09:44.900"></status>
</kw>
<kw name="Wait Until Page Contains" library="SeleniumLibrary">
<doc>Waits until ``text`` appears on the current page.</doc>
<arguments>
<arg>Privacy Policy</arg>
</arguments>
<status status="PASS" starttime="20200420 14:09:44.900" endtime="20200420 14:09:44.904"></status>
</kw>
<status status="PASS" starttime="20200420 14:09:44.763" endtime="20200420 14:09:44.905"></status>
</kw>
<kw name="Switch to home page">
<kw name="Click Element" library="SeleniumLibrary">
<doc>Click the element identified by ``locator``.</doc>
<arguments>
<arg>xpath://html/body/header/nav/div/div/ul[2]/li[1]/a</arg>
</arguments>
<msg timestamp="20200420 14:09:44.905" level="INFO">Clicking element 'xpath://html/body/header/nav/div/div/ul[2]/li[1]/a'.</msg>
<status status="PASS" starttime="20200420 14:09:44.905" endtime="20200420 14:09:44.969"></status>
</kw>
<kw name="Wait Until Page Contains" library="SeleniumLibrary">
<doc>Waits until ``text`` appears on the current page.</doc>
<arguments>
<arg>Welcome</arg>
</arguments>
<status status="PASS" starttime="20200420 14:09:44.969" endtime="20200420 14:09:44.975"></status>
</kw>
<status status="PASS" starttime="20200420 14:09:44.905" endtime="20200420 14:09:44.975"></status>
</kw>
<kw name="End Agile Project Test" type="teardown">
<kw name="Close Browser" library="SeleniumLibrary">
<doc>Closes the current browser.</doc>
<status status="PASS" starttime="20200420 14:09:44.976" endtime="20200420 14:09:45.525"></status>
</kw>
<status status="PASS" starttime="20200420 14:09:44.975" endtime="20200420 14:09:45.525"></status>
</kw>
<doc>Test: The user should be able to switch pages from the header menu.</doc>
<tags>
<tag>Header</tag>
<tag>Pages</tag>
</tags>
<status status="PASS" starttime="20200420 14:09:40.056" endtime="20200420 14:09:45.525" critical="yes"></status>
</test>
<test id="s1-t3" name="User can create an account">
<kw name="Begin Agile Project Page Test" type="setup">
<kw name="Open Browser" library="SeleniumLibrary">
<doc>Opens a new browser instance to the optional ``url``.</doc>
<arguments>
<arg>about:blank</arg>
<arg>${BROWSER}</arg>
</arguments>
<msg timestamp="20200420 14:09:45.527" level="INFO">Opening browser 'headlessfirefox' to base url 'about:blank'.</msg>
<msg timestamp="20200420 14:09:45.528" level="INFO">Firefox driver log is always forced to to: C:\Jenkins\workspace\AgileRebelRentalsPipeline\geckodriver-15.log</msg>
<status status="PASS" starttime="20200420 14:09:45.527" endtime="20200420 14:09:50.126"></status>
</kw>
<status status="PASS" starttime="20200420 14:09:45.527" endtime="20200420 14:09:50.127"></status>
</kw>
<kw name="Go to Web Page">
<kw name="Go To" library="SeleniumLibrary">
<doc>Navigates the current browser window to the provided ``url``.</doc>
<arguments>
<arg>${URL}</arg>
</arguments>
<msg timestamp="20200420 14:09:50.127" level="INFO">Opening url 'https://localhost:44353'</msg>
<status status="PASS" starttime="20200420 14:09:50.127" endtime="20200420 14:09:50.231"></status>
</kw>
<kw name="Wait Until Page Contains" library="SeleniumLibrary">
<doc>Waits until ``text`` appears on the current page.</doc>
<arguments>
<arg>${SEARCH_TERM}</arg>
</arguments>
<status status="PASS" starttime="20200420 14:09:50.231" endtime="20200420 14:09:50.238"></status>
</kw>
<status status="PASS" starttime="20200420 14:09:50.127" endtime="20200420 14:09:50.238"></status>
</kw>
<kw name="Generate Email">
<kw name="Generate Random String" library="String">
<doc>Generates a string with a desired ``length`` from the given ``chars``.</doc>
<arguments>
<arg>6</arg>
<arg>[NUMBERS]abcdef</arg>
</arguments>
<assign>
<var>${RANDOMSTRING}</var>
</assign>
<msg timestamp="20200420 14:09:50.239" level="INFO">${RANDOMSTRING} = e48f32</msg>
<status status="PASS" starttime="20200420 14:09:50.239" endtime="20200420 14:09:50.239"></status>
</kw>
<kw name="Set Global Variable" library="BuiltIn">
<doc>Makes a variable available globally in all tests and suites.</doc>
<arguments>
<arg>${RANDOMSTRING}</arg>
</arguments>
<msg timestamp="20200420 14:09:50.239" level="INFO">${RANDOMSTRING} = e48f32</msg>
<status status="PASS" starttime="20200420 14:09:50.239" endtime="20200420 14:09:50.239"></status>
</kw>
<status status="PASS" starttime="20200420 14:09:50.239" endtime="20200420 14:09:50.239"></status>
</kw>
<kw name="Register an account">
<kw name="Click Element" library="SeleniumLibrary">
<doc>Click the element identified by ``locator``.</doc>
<arguments>
<arg>xpath://html/body/header/nav/div/div/ul[1]/li[1]/a</arg>
</arguments>
<msg timestamp="20200420 14:09:50.240" level="INFO">Clicking element 'xpath://html/body/header/nav/div/div/ul[1]/li[1]/a'.</msg>
<status status="PASS" starttime="20200420 14:09:50.240" endtime="20200420 14:09:50.323"></status>
</kw>
<kw name="Wait Until Page Contains" library="SeleniumLibrary">
<doc>Waits until ``text`` appears on the current page.</doc>
<arguments>
<arg>Create a new account</arg>
</arguments>
<status status="PASS" starttime="20200420 14:09:50.323" endtime="20200420 14:09:50.339"></status>
</kw>
<kw name="Wait Until Element Is Visible" library="SeleniumLibrary">
<doc>Waits until the element ``locator`` is visible.</doc>
<arguments>
<arg>xpath://*[@id="Input_Email"]</arg>
</arguments>
<status status="PASS" starttime="20200420 14:09:50.339" endtime="20200420 14:09:50.358"></status>
</kw>
<kw name="Input Text" library="SeleniumLibrary">
<doc>Types the given ``text`` into the text field identified by ``locator``.</doc>
<arguments>
<arg>xpath://*[@id="Input_Email"]</arg>
<arg>${RANDOMSTRING}@email.com</arg>
</arguments>
<msg timestamp="20200420 14:09:50.359" level="INFO">Typing text 'e48f32@email.com' into text field 'xpath://*[@id="Input_Email"]'.</msg>
<status status="PASS" starttime="20200420 14:09:50.358" endtime="20200420 14:09:50.387"></status>
</kw>
<kw name="Input Text" library="SeleniumLibrary">
<doc>Types the given ``text`` into the text field identified by ``locator``.</doc>
<arguments>
<arg>xpath://*[@id="Input_Password"]</arg>
<arg>${PASSWORD}</arg>
</arguments>
<msg timestamp="20200420 14:09:50.387" level="INFO">Typing text 'Testyness@10' into text field 'xpath://*[@id="Input_Password"]'.</msg>
<status status="PASS" starttime="20200420 14:09:50.387" endtime="20200420 14:09:50.411"></status>
</kw>
<kw name="Input Text" library="SeleniumLibrary">
<doc>Types the given ``text`` into the text field identified by ``locator``.</doc>
<arguments>
<arg>xpath://*[@id="Input_ConfirmPassword"]</arg>
<arg>${PASSWORD}</arg>
</arguments>
<msg timestamp="20200420 14:09:50.412" level="INFO">Typing text 'Testyness@10' into text field 'xpath://*[@id="Input_ConfirmPassword"]'.</msg>
<status status="PASS" starttime="20200420 14:09:50.411" endtime="20200420 14:09:50.431"></status>
</kw>
<kw name="Click Element" library="SeleniumLibrary">
<doc>Click the element identified by ``locator``.</doc>
<arguments>
<arg>xpath://html/body/div/main/div/div[1]/form/button</arg>
</arguments>
<msg timestamp="20200420 14:09:50.432" level="INFO">Clicking element 'xpath://html/body/div/main/div/div[1]/form/button'.</msg>
<status status="PASS" starttime="20200420 14:09:50.431" endtime="20200420 14:09:50.769"></status>
</kw>
<kw name="Wait Until Page Contains" library="SeleniumLibrary">
<doc>Waits until ``text`` appears on the current page.</doc>
<arguments>
<arg>Register confirmation</arg>
</arguments>
<status status="PASS" starttime="20200420 14:09:50.769" endtime="20200420 14:09:50.773"></status>
</kw>
<kw name="Click Element" library="SeleniumLibrary">
<doc>Click the element identified by ``locator``.</doc>
<arguments>
<arg>xpath://*[@id="confirm-link"]</arg>
</arguments>
<msg timestamp="20200420 14:09:50.773" level="INFO">Clicking element 'xpath://*[@id="confirm-link"]'.</msg>
<status status="PASS" starttime="20200420 14:09:50.773" endtime="20200420 14:09:50.838"></status>
</kw>
<kw name="Wait Until Page Contains" library="SeleniumLibrary">
<doc>Waits until ``text`` appears on the current page.</doc>
<arguments>
<arg>Thank you for confirming your email</arg>
</arguments>
<status status="PASS" starttime="20200420 14:09:50.839" endtime="20200420 14:09:50.844"></status>
</kw>
<status status="PASS" starttime="20200420 14:09:50.239" endtime="20200420 14:09:50.844"></status>
</kw>
<kw name="End Agile Project Test" type="teardown">
<kw name="Close Browser" library="SeleniumLibrary">
<doc>Closes the current browser.</doc>
<status status="PASS" starttime="20200420 14:09:50.844" endtime="20200420 14:09:51.517"></status>
</kw>
<status status="PASS" starttime="20200420 14:09:50.844" endtime="20200420 14:09:51.517"></status>
</kw>
<doc>Test: The user should be able to create an account.</doc>
<tags>
<tag>Account</tag>
</tags>
<status status="PASS" starttime="20200420 14:09:45.526" endtime="20200420 14:09:51.517" critical="yes"></status>
</test>
<test id="s1-t4" name="User can not create an account using profanity">
<kw name="Begin Agile Project Page Test" type="setup">
<kw name="Open Browser" library="SeleniumLibrary">
<doc>Opens a new browser instance to the optional ``url``.</doc>
<arguments>
<arg>about:blank</arg>
<arg>${BROWSER}</arg>
</arguments>
<msg timestamp="20200420 14:09:51.518" level="INFO">Opening browser 'headlessfirefox' to base url 'about:blank'.</msg>
<msg timestamp="20200420 14:09:51.519" level="INFO">Firefox driver log is always forced to to: C:\Jenkins\workspace\AgileRebelRentalsPipeline\geckodriver-16.log</msg>
<status status="PASS" starttime="20200420 14:09:51.518" endtime="20200420 14:09:56.116"></status>
</kw>
<status status="PASS" starttime="20200420 14:09:51.518" endtime="20200420 14:09:56.116"></status>
</kw>
<kw name="Go to Web Page">
<kw name="Go To" library="SeleniumLibrary">
<doc>Navigates the current browser window to the provided ``url``.</doc>
<arguments>
<arg>${URL}</arg>
</arguments>
<msg timestamp="20200420 14:09:56.116" level="INFO">Opening url 'https://localhost:44353'</msg>
<status status="PASS" starttime="20200420 14:09:56.116" endtime="20200420 14:09:56.211"></status>
</kw>
<kw name="Wait Until Page Contains" library="SeleniumLibrary">
<doc>Waits until ``text`` appears on the current page.</doc>
<arguments>
<arg>${SEARCH_TERM}</arg>
</arguments>
<status status="PASS" starttime="20200420 14:09:56.211" endtime="20200420 14:09:56.218"></status>
</kw>
<status status="PASS" starttime="20200420 14:09:56.116" endtime="20200420 14:09:56.219"></status>
</kw>
<kw name="Generate Email">
<kw name="Generate Random String" library="String">
<doc>Generates a string with a desired ``length`` from the given ``chars``.</doc>
<arguments>
<arg>6</arg>
<arg>[NUMBERS]abcdef</arg>
</arguments>
<assign>
<var>${RANDOMSTRING}</var>
</assign>
<msg timestamp="20200420 14:09:56.219" level="INFO">${RANDOMSTRING} = 5c4db4</msg>
<status status="PASS" starttime="20200420 14:09:56.219" endtime="20200420 14:09:56.219"></status>
</kw>
<kw name="Set Global Variable" library="BuiltIn">
<doc>Makes a variable available globally in all tests and suites.</doc>
<arguments>
<arg>${RANDOMSTRING}</arg>
</arguments>
<msg timestamp="20200420 14:09:56.220" level="INFO">${RANDOMSTRING} = 5c4db4</msg>
<status status="PASS" starttime="20200420 14:09:56.219" endtime="20200420 14:09:56.220"></status>
</kw>
<status status="PASS" starttime="20200420 14:09:56.219" endtime="20200420 14:09:56.220"></status>
</kw>
<kw name="Register an account fail">
<kw name="Click Element" library="SeleniumLibrary">
<doc>Click the element identified by ``locator``.</doc>
<arguments>
<arg>xpath://html/body/header/nav/div/div/ul[1]/li[1]/a</arg>
</arguments>
<msg timestamp="20200420 14:09:56.220" level="INFO">Clicking element 'xpath://html/body/header/nav/div/div/ul[1]/li[1]/a'.</msg>
<status status="PASS" starttime="20200420 14:09:56.220" endtime="20200420 14:09:56.298"></status>
</kw>
<kw name="Wait Until Page Contains" library="SeleniumLibrary">
<doc>Waits until ``text`` appears on the current page.</doc>
<arguments>
<arg>Create a new account</arg>
</arguments>
<status status="PASS" starttime="20200420 14:09:56.298" endtime="20200420 14:09:56.309"></status>
</kw>
<kw name="Wait Until Element Is Visible" library="SeleniumLibrary">
<doc>Waits until the element ``locator`` is visible.</doc>
<arguments>
<arg>xpath://*[@id="Input_Email"]</arg>
</arguments>
<status status="PASS" starttime="20200420 14:09:56.309" endtime="20200420 14:09:56.329"></status>
</kw>
<kw name="Input Text" library="SeleniumLibrary">
<doc>Types the given ``text`` into the text field identified by ``locator``.</doc>
<arguments>
<arg>xpath://*[@id="Input_Email"]</arg>
<arg>${RANDOMSTRING}fuck@email.com</arg>
</arguments>
<msg timestamp="20200420 14:09:56.329" level="INFO">Typing text '5c4db4fuck@email.com' into text field 'xpath://*[@id="Input_Email"]'.</msg>
<status status="PASS" starttime="20200420 14:09:56.329" endtime="20200420 14:09:56.357"></status>
</kw>
<kw name="Input Text" library="SeleniumLibrary">
<doc>Types the given ``text`` into the text field identified by ``locator``.</doc>
<arguments>
<arg>xpath://*[@id="Input_Password"]</arg>
<arg>${PASSWORD}</arg>
</arguments>
<msg timestamp="20200420 14:09:56.357" level="INFO">Typing text 'Testyness@10' into text field 'xpath://*[@id="Input_Password"]'.</msg>
<status status="PASS" starttime="20200420 14:09:56.357" endtime="20200420 14:09:56.381"></status>
</kw>
<kw name="Input Text" library="SeleniumLibrary">
<doc>Types the given ``text`` into the text field identified by ``locator``.</doc>
<arguments>
<arg>xpath://*[@id="Input_ConfirmPassword"]</arg>
<arg>${PASSWORD}</arg>
</arguments>
<msg timestamp="20200420 14:09:56.381" level="INFO">Typing text 'Testyness@10' into text field 'xpath://*[@id="Input_ConfirmPassword"]'.</msg>
<status status="PASS" starttime="20200420 14:09:56.381" endtime="20200420 14:09:56.400"></status>
</kw>
<kw name="Click Element" library="SeleniumLibrary">
<doc>Click the element identified by ``locator``.</doc>
<arguments>
<arg>xpath://html/body/div/main/div/div[1]/form/button</arg>
</arguments>
<msg timestamp="20200420 14:09:56.400" level="INFO">Clicking element 'xpath://html/body/div/main/div/div[1]/form/button'.</msg>
<status status="PASS" starttime="20200420 14:09:56.400" endtime="20200420 14:09:56.703"></status>
</kw>
<kw name="Wait Until Page Contains" library="SeleniumLibrary">
<doc>Waits until ``text`` appears on the current page.</doc>
<arguments>
<arg>Profanity not allowed</arg>
</arguments>
<status status="PASS" starttime="20200420 14:09:56.703" endtime="20200420 14:09:56.712"></status>
</kw>
<kw name="Page Should Not Contain" library="SeleniumLibrary">
<doc>Verifies the current page does not contain ``text``.</doc>
<arguments>
<arg>Register confirmation</arg>
</arguments>
<msg timestamp="20200420 14:09:56.722" level="INFO">Current page does not contain text 'Register confirmation'.</msg>
<status status="PASS" starttime="20200420 14:09:56.712" endtime="20200420 14:09:56.722"></status>
</kw>
<status status="PASS" starttime="20200420 14:09:56.220" endtime="20200420 14:09:56.722"></status>
</kw>
<kw name="End Agile Project Test" type="teardown">
<kw name="Close Browser" library="SeleniumLibrary">
<doc>Closes the current browser.</doc>
<status status="PASS" starttime="20200420 14:09:56.722" endtime="20200420 14:09:57.225"></status>
</kw>
<status status="PASS" starttime="20200420 14:09:56.722" endtime="20200420 14:09:57.226"></status>
</kw>
<doc>Test: The user should not be able to create an account using profanity in username/email.</doc>
<tags>
<tag>Account</tag>
</tags>
<status status="PASS" starttime="20200420 14:09:51.518" endtime="20200420 14:09:57.226" critical="yes"></status>
</test>
<doc>This is a test suite around an agile projects website made with Razor Pages.</doc>
<status status="PASS" starttime="20200420 14:09:34.550" endtime="20200420 14:09:57.227"></status>
</suite>
<statistics>
<total>
<stat pass="4" fail="0">Critical Tests</stat>
<stat pass="4" fail="0">All Tests</stat>
</total>
<tag>
<stat pass="1" fail="0">Access</stat>
<stat pass="2" fail="0">Account</stat>
<stat pass="1" fail="0">Header</stat>
<stat pass="1" fail="0">Pages</stat>
</tag>
<suite>
<stat pass="4" fail="0" id="s1" name="RebelRentals">RebelRentals</stat>
</suite>
</statistics>
<errors>
</errors>
</robot>
