<?xml version="1.0" encoding="UTF-8"?>
<robot generator="Robot 3.1.2 (Python 3.8.2 on win32)" generated="20200421 15:34:16.331" rpa="false">
<suite id="s1" name="RebelRentals" source="C:\Jenkins\workspace\AgileRebelRentalsPipeline\Tests\RebelRentals.robot">
<test id="s1-t1" name="User can access RebelRental page">
<kw name="Begin Agile Project Page Test" type="setup">
<kw name="Open Browser" library="SeleniumLibrary">
<doc>Opens a new browser instance to the optional ``url``.</doc>
<arguments>
<arg>about:blank</arg>
<arg>${BROWSER}</arg>
</arguments>
<msg timestamp="20200421 15:34:16.467" level="INFO">Opening browser 'headlessfirefox' to base url 'about:blank'.</msg>
<msg timestamp="20200421 15:34:16.468" level="INFO">Firefox driver log is always forced to to: C:\Jenkins\workspace\AgileRebelRentalsPipeline\geckodriver-17.log</msg>
<status status="PASS" starttime="20200421 15:34:16.467" endtime="20200421 15:34:21.055"></status>
</kw>
<status status="PASS" starttime="20200421 15:34:16.467" endtime="20200421 15:34:21.055"></status>
</kw>
<kw name="Go to Web Page">
<kw name="Go To" library="SeleniumLibrary">
<doc>Navigates the current browser window to the provided ``url``.</doc>
<arguments>
<arg>${URL}</arg>
</arguments>
<msg timestamp="20200421 15:34:21.056" level="INFO">Opening url 'https://localhost:44353'</msg>
<status status="PASS" starttime="20200421 15:34:21.055" endtime="20200421 15:34:21.177"></status>
</kw>
<kw name="Wait Until Page Contains" library="SeleniumLibrary">
<doc>Waits until ``text`` appears on the current page.</doc>
<arguments>
<arg>${SEARCH_TERM}</arg>
</arguments>
<status status="PASS" starttime="20200421 15:34:21.177" endtime="20200421 15:34:21.184"></status>
</kw>
<status status="PASS" starttime="20200421 15:34:21.055" endtime="20200421 15:34:21.184"></status>
</kw>
<kw name="End Agile Project Test" type="teardown">
<kw name="Close Browser" library="SeleniumLibrary">
<doc>Closes the current browser.</doc>
<status status="PASS" starttime="20200421 15:34:21.185" endtime="20200421 15:34:21.720"></status>
</kw>
<status status="PASS" starttime="20200421 15:34:21.185" endtime="20200421 15:34:21.720"></status>
</kw>
<doc>Test: The user should be able to access the RebelRentals page.</doc>
<tags>
<tag>Access</tag>
</tags>
<status status="PASS" starttime="20200421 15:34:16.466" endtime="20200421 15:34:21.720" critical="yes"></status>
</test>
<test id="s1-t2" name="User can switch pages in header menu">
<kw name="Begin Agile Project Page Test" type="setup">
<kw name="Open Browser" library="SeleniumLibrary">
<doc>Opens a new browser instance to the optional ``url``.</doc>
<arguments>
<arg>about:blank</arg>
<arg>${BROWSER}</arg>
</arguments>
<msg timestamp="20200421 15:34:21.721" level="INFO">Opening browser 'headlessfirefox' to base url 'about:blank'.</msg>
<msg timestamp="20200421 15:34:21.722" level="INFO">Firefox driver log is always forced to to: C:\Jenkins\workspace\AgileRebelRentalsPipeline\geckodriver-18.log</msg>
<status status="PASS" starttime="20200421 15:34:21.721" endtime="20200421 15:34:26.327"></status>
</kw>
<status status="PASS" starttime="20200421 15:34:21.721" endtime="20200421 15:34:26.327"></status>
</kw>
<kw name="Go to Web Page">
<kw name="Go To" library="SeleniumLibrary">
<doc>Navigates the current browser window to the provided ``url``.</doc>
<arguments>
<arg>${URL}</arg>
</arguments>
<msg timestamp="20200421 15:34:26.328" level="INFO">Opening url 'https://localhost:44353'</msg>
<status status="PASS" starttime="20200421 15:34:26.327" endtime="20200421 15:34:26.437"></status>
</kw>
<kw name="Wait Until Page Contains" library="SeleniumLibrary">
<doc>Waits until ``text`` appears on the current page.</doc>
<arguments>
<arg>${SEARCH_TERM}</arg>
</arguments>
<status status="PASS" starttime="20200421 15:34:26.438" endtime="20200421 15:34:26.448"></status>
</kw>
<status status="PASS" starttime="20200421 15:34:26.327" endtime="20200421 15:34:26.448"></status>
</kw>
<kw name="Switch to privacy page">
<kw name="Go to Web Page">
<kw name="Go To" library="SeleniumLibrary">
<doc>Navigates the current browser window to the provided ``url``.</doc>
<arguments>
<arg>${URL}</arg>
</arguments>
<msg timestamp="20200421 15:34:26.449" level="INFO">Opening url 'https://localhost:44353'</msg>
<status status="PASS" starttime="20200421 15:34:26.448" endtime="20200421 15:34:26.497"></status>
</kw>
<kw name="Wait Until Page Contains" library="SeleniumLibrary">
<doc>Waits until ``text`` appears on the current page.</doc>
<arguments>
<arg>${SEARCH_TERM}</arg>
</arguments>
<status status="PASS" starttime="20200421 15:34:26.497" endtime="20200421 15:34:26.502"></status>
</kw>
<status status="PASS" starttime="20200421 15:34:26.448" endtime="20200421 15:34:26.502"></status>
</kw>
<kw name="Click Element" library="SeleniumLibrary">
<doc>Click the element identified by ``locator``.</doc>
<arguments>
<arg>xpath://html/body/header/nav/div/div/ul[2]/li[3]/a</arg>
</arguments>
<msg timestamp="20200421 15:34:26.502" level="INFO">Clicking element 'xpath://html/body/header/nav/div/div/ul[2]/li[3]/a'.</msg>
<status status="PASS" starttime="20200421 15:34:26.502" endtime="20200421 15:34:26.564"></status>
</kw>
<kw name="Wait Until Page Contains" library="SeleniumLibrary">
<doc>Waits until ``text`` appears on the current page.</doc>
<arguments>
<arg>Privacy Policy</arg>
</arguments>
<status status="PASS" starttime="20200421 15:34:26.565" endtime="20200421 15:34:26.569"></status>
</kw>
<status status="PASS" starttime="20200421 15:34:26.448" endtime="20200421 15:34:26.569"></status>
</kw>
<kw name="Switch to home page">
<kw name="Click Element" library="SeleniumLibrary">
<doc>Click the element identified by ``locator``.</doc>
<arguments>
<arg>xpath://html/body/header/nav/div/div/ul[2]/li[1]/a</arg>
</arguments>
<msg timestamp="20200421 15:34:26.570" level="INFO">Clicking element 'xpath://html/body/header/nav/div/div/ul[2]/li[1]/a'.</msg>
<status status="PASS" starttime="20200421 15:34:26.570" endtime="20200421 15:34:26.629"></status>
</kw>
<kw name="Wait Until Page Contains" library="SeleniumLibrary">
<doc>Waits until ``text`` appears on the current page.</doc>
<arguments>
<arg>Welcome</arg>
</arguments>
<status status="PASS" starttime="20200421 15:34:26.629" endtime="20200421 15:34:26.635"></status>
</kw>
<status status="PASS" starttime="20200421 15:34:26.570" endtime="20200421 15:34:26.635"></status>
</kw>
<kw name="End Agile Project Test" type="teardown">
<kw name="Close Browser" library="SeleniumLibrary">
<doc>Closes the current browser.</doc>
<status status="PASS" starttime="20200421 15:34:26.635" endtime="20200421 15:34:27.261"></status>
</kw>
<status status="PASS" starttime="20200421 15:34:26.635" endtime="20200421 15:34:27.261"></status>
</kw>
<doc>Test: The user should be able to switch pages from the header menu.</doc>
<tags>
<tag>Header</tag>
<tag>Pages</tag>
</tags>
<status status="PASS" starttime="20200421 15:34:21.721" endtime="20200421 15:34:27.261" critical="yes"></status>
</test>
<test id="s1-t3" name="User can create an account">
<kw name="Begin Agile Project Page Test" type="setup">
<kw name="Open Browser" library="SeleniumLibrary">
<doc>Opens a new browser instance to the optional ``url``.</doc>
<arguments>
<arg>about:blank</arg>
<arg>${BROWSER}</arg>
</arguments>
<msg timestamp="20200421 15:34:27.262" level="INFO">Opening browser 'headlessfirefox' to base url 'about:blank'.</msg>
<msg timestamp="20200421 15:34:27.263" level="INFO">Firefox driver log is always forced to to: C:\Jenkins\workspace\AgileRebelRentalsPipeline\geckodriver-19.log</msg>
<status status="PASS" starttime="20200421 15:34:27.262" endtime="20200421 15:34:31.864"></status>
</kw>
<status status="PASS" starttime="20200421 15:34:27.262" endtime="20200421 15:34:31.864"></status>
</kw>
<kw name="Go to Web Page">
<kw name="Go To" library="SeleniumLibrary">
<doc>Navigates the current browser window to the provided ``url``.</doc>
<arguments>
<arg>${URL}</arg>
</arguments>
<msg timestamp="20200421 15:34:31.865" level="INFO">Opening url 'https://localhost:44353'</msg>
<status status="PASS" starttime="20200421 15:34:31.865" endtime="20200421 15:34:31.964"></status>
</kw>
<kw name="Wait Until Page Contains" library="SeleniumLibrary">
<doc>Waits until ``text`` appears on the current page.</doc>
<arguments>
<arg>${SEARCH_TERM}</arg>
</arguments>
<status status="PASS" starttime="20200421 15:34:31.965" endtime="20200421 15:34:31.979"></status>
</kw>
<status status="PASS" starttime="20200421 15:34:31.864" endtime="20200421 15:34:31.979"></status>
</kw>
<kw name="Generate Email">
<kw name="Generate Random String" library="String">
<doc>Generates a string with a desired ``length`` from the given ``chars``.</doc>
<arguments>
<arg>6</arg>
<arg>[NUMBERS]abcdef</arg>
</arguments>
<assign>
<var>${RANDOMSTRING}</var>
</assign>
<msg timestamp="20200421 15:34:31.980" level="INFO">${RANDOMSTRING} = 70995d</msg>
<status status="PASS" starttime="20200421 15:34:31.980" endtime="20200421 15:34:31.980"></status>
</kw>
<kw name="Set Global Variable" library="BuiltIn">
<doc>Makes a variable available globally in all tests and suites.</doc>
<arguments>
<arg>${RANDOMSTRING}</arg>
</arguments>
<msg timestamp="20200421 15:34:31.980" level="INFO">${RANDOMSTRING} = 70995d</msg>
<status status="PASS" starttime="20200421 15:34:31.980" endtime="20200421 15:34:31.980"></status>
</kw>
<status status="PASS" starttime="20200421 15:34:31.979" endtime="20200421 15:34:31.980"></status>
</kw>
<kw name="Register an account">
<kw name="Click Element" library="SeleniumLibrary">
<doc>Click the element identified by ``locator``.</doc>
<arguments>
<arg>xpath://html/body/header/nav/div/div/ul[1]/li[2]/a</arg>
</arguments>
<msg timestamp="20200421 15:34:31.981" level="INFO">Clicking element 'xpath://html/body/header/nav/div/div/ul[1]/li[2]/a'.</msg>
<status status="PASS" starttime="20200421 15:34:31.980" endtime="20200421 15:34:32.051"></status>
</kw>
<kw name="Wait Until Page Contains" library="SeleniumLibrary">
<doc>Waits until ``text`` appears on the current page.</doc>
<arguments>
<arg>Create a new account</arg>
</arguments>
<status status="PASS" starttime="20200421 15:34:32.051" endtime="20200421 15:34:32.064"></status>
</kw>
<kw name="Wait Until Element Is Visible" library="SeleniumLibrary">
<doc>Waits until the element ``locator`` is visible.</doc>
<arguments>
<arg>xpath://*[@id="Input_Email"]</arg>
</arguments>
<status status="PASS" starttime="20200421 15:34:32.064" endtime="20200421 15:34:32.080"></status>
</kw>
<kw name="Input Text" library="SeleniumLibrary">
<doc>Types the given ``text`` into the text field identified by ``locator``.</doc>
<arguments>
<arg>xpath://*[@id="Input_Email"]</arg>
<arg>${RANDOMSTRING}@email.com</arg>
</arguments>
<msg timestamp="20200421 15:34:32.080" level="INFO">Typing text '70995d@email.com' into text field 'xpath://*[@id="Input_Email"]'.</msg>
<status status="PASS" starttime="20200421 15:34:32.080" endtime="20200421 15:34:32.106"></status>
</kw>
<kw name="Input Text" library="SeleniumLibrary">
<doc>Types the given ``text`` into the text field identified by ``locator``.</doc>
<arguments>
<arg>xpath://*[@id="Input_Password"]</arg>
<arg>${PASSWORD}</arg>
</arguments>
<msg timestamp="20200421 15:34:32.106" level="INFO">Typing text 'Testyness@10' into text field 'xpath://*[@id="Input_Password"]'.</msg>
<status status="PASS" starttime="20200421 15:34:32.106" endtime="20200421 15:34:32.128"></status>
</kw>
<kw name="Input Text" library="SeleniumLibrary">
<doc>Types the given ``text`` into the text field identified by ``locator``.</doc>
<arguments>
<arg>xpath://*[@id="Input_ConfirmPassword"]</arg>
<arg>${PASSWORD}</arg>
</arguments>
<msg timestamp="20200421 15:34:32.128" level="INFO">Typing text 'Testyness@10' into text field 'xpath://*[@id="Input_ConfirmPassword"]'.</msg>
<status status="PASS" starttime="20200421 15:34:32.128" endtime="20200421 15:34:32.146"></status>
</kw>
<kw name="Click Element" library="SeleniumLibrary">
<doc>Click the element identified by ``locator``.</doc>
<arguments>
<arg>xpath://html/body/div/main/div/div[1]/form/button</arg>
</arguments>
<msg timestamp="20200421 15:34:32.146" level="INFO">Clicking element 'xpath://html/body/div/main/div/div[1]/form/button'.</msg>
<status status="PASS" starttime="20200421 15:34:32.146" endtime="20200421 15:34:32.429"></status>
</kw>
<kw name="Wait Until Page Contains" library="SeleniumLibrary">
<doc>Waits until ``text`` appears on the current page.</doc>
<arguments>
<arg>Register confirmation</arg>
</arguments>
<status status="PASS" starttime="20200421 15:34:32.429" endtime="20200421 15:34:32.433"></status>
</kw>
<kw name="Click Element" library="SeleniumLibrary">
<doc>Click the element identified by ``locator``.</doc>
<arguments>
<arg>xpath://*[@id="confirm-link"]</arg>
</arguments>
<msg timestamp="20200421 15:34:32.433" level="INFO">Clicking element 'xpath://*[@id="confirm-link"]'.</msg>
<status status="PASS" starttime="20200421 15:34:32.433" endtime="20200421 15:34:32.502"></status>
</kw>
<kw name="Wait Until Page Contains" library="SeleniumLibrary">
<doc>Waits until ``text`` appears on the current page.</doc>
<arguments>
<arg>Thank you for confirming your email</arg>
</arguments>
<status status="PASS" starttime="20200421 15:34:32.502" endtime="20200421 15:34:32.507"></status>
</kw>
<status status="PASS" starttime="20200421 15:34:31.980" endtime="20200421 15:34:32.507"></status>
</kw>
<kw name="End Agile Project Test" type="teardown">
<kw name="Close Browser" library="SeleniumLibrary">
<doc>Closes the current browser.</doc>
<status status="PASS" starttime="20200421 15:34:32.508" endtime="20200421 15:34:33.054"></status>
</kw>
<status status="PASS" starttime="20200421 15:34:32.507" endtime="20200421 15:34:33.054"></status>
</kw>
<doc>Test: The user should be able to create an account.</doc>
<tags>
<tag>Account</tag>
</tags>
<status status="PASS" starttime="20200421 15:34:27.262" endtime="20200421 15:34:33.054" critical="yes"></status>
</test>
<test id="s1-t4" name="User can not create an account using profanity">
<kw name="Begin Agile Project Page Test" type="setup">
<kw name="Open Browser" library="SeleniumLibrary">
<doc>Opens a new browser instance to the optional ``url``.</doc>
<arguments>
<arg>about:blank</arg>
<arg>${BROWSER}</arg>
</arguments>
<msg timestamp="20200421 15:34:33.055" level="INFO">Opening browser 'headlessfirefox' to base url 'about:blank'.</msg>
<msg timestamp="20200421 15:34:33.056" level="INFO">Firefox driver log is always forced to to: C:\Jenkins\workspace\AgileRebelRentalsPipeline\geckodriver-20.log</msg>
<status status="PASS" starttime="20200421 15:34:33.055" endtime="20200421 15:34:37.637"></status>
</kw>
<status status="PASS" starttime="20200421 15:34:33.055" endtime="20200421 15:34:37.637"></status>
</kw>
<kw name="Go to Web Page">
<kw name="Go To" library="SeleniumLibrary">
<doc>Navigates the current browser window to the provided ``url``.</doc>
<arguments>
<arg>${URL}</arg>
</arguments>
<msg timestamp="20200421 15:34:37.637" level="INFO">Opening url 'https://localhost:44353'</msg>
<status status="PASS" starttime="20200421 15:34:37.637" endtime="20200421 15:34:37.732"></status>
</kw>
<kw name="Wait Until Page Contains" library="SeleniumLibrary">
<doc>Waits until ``text`` appears on the current page.</doc>
<arguments>
<arg>${SEARCH_TERM}</arg>
</arguments>
<status status="PASS" starttime="20200421 15:34:37.732" endtime="20200421 15:34:37.738"></status>
</kw>
<status status="PASS" starttime="20200421 15:34:37.637" endtime="20200421 15:34:37.738"></status>
</kw>
<kw name="Register an account fail">
<kw name="Click Element" library="SeleniumLibrary">
<doc>Click the element identified by ``locator``.</doc>
<arguments>
<arg>xpath://html/body/header/nav/div/div/ul[1]/li[2]/a</arg>
</arguments>
<msg timestamp="20200421 15:34:37.739" level="INFO">Clicking element 'xpath://html/body/header/nav/div/div/ul[1]/li[2]/a'.</msg>
<status status="PASS" starttime="20200421 15:34:37.739" endtime="20200421 15:34:37.815"></status>
</kw>
<kw name="Wait Until Page Contains" library="SeleniumLibrary">
<doc>Waits until ``text`` appears on the current page.</doc>
<arguments>
<arg>Create a new account</arg>
</arguments>
<status status="PASS" starttime="20200421 15:34:37.815" endtime="20200421 15:34:37.823"></status>
</kw>
<kw name="Wait Until Element Is Visible" library="SeleniumLibrary">
<doc>Waits until the element ``locator`` is visible.</doc>
<arguments>
<arg>xpath://*[@id="Input_Email"]</arg>
</arguments>
<status status="PASS" starttime="20200421 15:34:37.823" endtime="20200421 15:34:37.838"></status>
</kw>
<kw name="Input Text" library="SeleniumLibrary">
<doc>Types the given ``text`` into the text field identified by ``locator``.</doc>
<arguments>
<arg>xpath://*[@id="Input_Email"]</arg>
<arg>${RANDOMSTRING}fuck@email.com</arg>
</arguments>
<msg timestamp="20200421 15:34:37.839" level="INFO">Typing text '70995dfuck@email.com' into text field 'xpath://*[@id="Input_Email"]'.</msg>
<status status="PASS" starttime="20200421 15:34:37.838" endtime="20200421 15:34:37.872"></status>
</kw>
<kw name="Input Text" library="SeleniumLibrary">
<doc>Types the given ``text`` into the text field identified by ``locator``.</doc>
<arguments>
<arg>xpath://*[@id="Input_Password"]</arg>
<arg>${PASSWORD}</arg>
</arguments>
<msg timestamp="20200421 15:34:37.872" level="INFO">Typing text 'Testyness@10' into text field 'xpath://*[@id="Input_Password"]'.</msg>
<status status="PASS" starttime="20200421 15:34:37.872" endtime="20200421 15:34:37.897"></status>
</kw>
<kw name="Input Text" library="SeleniumLibrary">
<doc>Types the given ``text`` into the text field identified by ``locator``.</doc>
<arguments>
<arg>xpath://*[@id="Input_ConfirmPassword"]</arg>
<arg>${PASSWORD}</arg>
</arguments>
<msg timestamp="20200421 15:34:37.897" level="INFO">Typing text 'Testyness@10' into text field 'xpath://*[@id="Input_ConfirmPassword"]'.</msg>
<status status="PASS" starttime="20200421 15:34:37.897" endtime="20200421 15:34:37.914"></status>
</kw>
<kw name="Click Element" library="SeleniumLibrary">
<doc>Click the element identified by ``locator``.</doc>
<arguments>
<arg>xpath://html/body/div/main/div/div[1]/form/button</arg>
</arguments>
<msg timestamp="20200421 15:34:37.915" level="INFO">Clicking element 'xpath://html/body/div/main/div/div[1]/form/button'.</msg>
<status status="PASS" starttime="20200421 15:34:37.915" endtime="20200421 15:34:38.184"></status>
</kw>
<kw name="Wait Until Page Contains" library="SeleniumLibrary">
<doc>Waits until ``text`` appears on the current page.</doc>
<arguments>
<arg>Profanity not allowed</arg>
</arguments>
<status status="PASS" starttime="20200421 15:34:38.185" endtime="20200421 15:34:38.193"></status>
</kw>
<kw name="Page Should Not Contain" library="SeleniumLibrary">
<doc>Verifies the current page does not contain ``text``.</doc>
<arguments>
<arg>Register confirmation</arg>
</arguments>
<msg timestamp="20200421 15:34:38.202" level="INFO">Current page does not contain text 'Register confirmation'.</msg>
<status status="PASS" starttime="20200421 15:34:38.193" endtime="20200421 15:34:38.202"></status>
</kw>
<status status="PASS" starttime="20200421 15:34:37.738" endtime="20200421 15:34:38.202"></status>
</kw>
<kw name="End Agile Project Test" type="teardown">
<kw name="Close Browser" library="SeleniumLibrary">
<doc>Closes the current browser.</doc>
<status status="PASS" starttime="20200421 15:34:38.202" endtime="20200421 15:34:38.738"></status>
</kw>
<status status="PASS" starttime="20200421 15:34:38.202" endtime="20200421 15:34:38.738"></status>
</kw>
<doc>Test: The user should not be able to create an account using profanity in username/email.</doc>
<tags>
<tag>Account</tag>
<tag>Profanity_Filter</tag>
</tags>
<status status="PASS" starttime="20200421 15:34:33.054" endtime="20200421 15:34:38.738" critical="yes"></status>
</test>
<test id="s1-t5" name="User can login with registered credentials and logout">
<kw name="Begin Agile Project Page Test" type="setup">
<kw name="Open Browser" library="SeleniumLibrary">
<doc>Opens a new browser instance to the optional ``url``.</doc>
<arguments>
<arg>about:blank</arg>
<arg>${BROWSER}</arg>
</arguments>
<msg timestamp="20200421 15:34:38.740" level="INFO">Opening browser 'headlessfirefox' to base url 'about:blank'.</msg>
<msg timestamp="20200421 15:34:38.741" level="INFO">Firefox driver log is always forced to to: C:\Jenkins\workspace\AgileRebelRentalsPipeline\geckodriver-21.log</msg>
<status status="PASS" starttime="20200421 15:34:38.740" endtime="20200421 15:34:43.329"></status>
</kw>
<status status="PASS" starttime="20200421 15:34:38.739" endtime="20200421 15:34:43.329"></status>
</kw>
<kw name="Go to Web Page">
<kw name="Go To" library="SeleniumLibrary">
<doc>Navigates the current browser window to the provided ``url``.</doc>
<arguments>
<arg>${URL}</arg>
</arguments>
<msg timestamp="20200421 15:34:43.330" level="INFO">Opening url 'https://localhost:44353'</msg>
<status status="PASS" starttime="20200421 15:34:43.330" endtime="20200421 15:34:43.427"></status>
</kw>
<kw name="Wait Until Page Contains" library="SeleniumLibrary">
<doc>Waits until ``text`` appears on the current page.</doc>
<arguments>
<arg>${SEARCH_TERM}</arg>
</arguments>
<status status="PASS" starttime="20200421 15:34:43.427" endtime="20200421 15:34:43.436"></status>
</kw>
<status status="PASS" starttime="20200421 15:34:43.330" endtime="20200421 15:34:43.436"></status>
</kw>
<kw name="Login to and logout from the site">
<kw name="Wait Until Page Contains" library="SeleniumLibrary">
<doc>Waits until ``text`` appears on the current page.</doc>
<arguments>
<arg>Login</arg>
</arguments>
<status status="PASS" starttime="20200421 15:34:43.436" endtime="20200421 15:34:43.443"></status>
</kw>
<kw name="Click Element" library="SeleniumLibrary">
<doc>Click the element identified by ``locator``.</doc>
<arguments>
<arg>xpath://html/body/header/nav/div/div/ul[1]/li[3]/a</arg>
</arguments>
<msg timestamp="20200421 15:34:43.443" level="INFO">Clicking element 'xpath://html/body/header/nav/div/div/ul[1]/li[3]/a'.</msg>
<status status="PASS" starttime="20200421 15:34:43.443" endtime="20200421 15:34:43.511"></status>
</kw>
<kw name="Input Text" library="SeleniumLibrary">
<doc>Types the given ``text`` into the text field identified by ``locator``.</doc>
<arguments>
<arg>xpath://*[@id="Input_Email"]</arg>
<arg>${USERNAME}</arg>
</arguments>
<msg timestamp="20200421 15:34:43.511" level="INFO">Typing text 'test1@mctest1.se' into text field 'xpath://*[@id="Input_Email"]'.</msg>
<status status="PASS" starttime="20200421 15:34:43.511" endtime="20200421 15:34:43.546"></status>
</kw>
<kw name="Input Text" library="SeleniumLibrary">
<doc>Types the given ``text`` into the text field identified by ``locator``.</doc>
<arguments>
<arg>xpath://*[@id="Input_Password"]</arg>
<arg>${PASSWORD}</arg>
</arguments>
<msg timestamp="20200421 15:34:43.547" level="INFO">Typing text 'Testyness@10' into text field 'xpath://*[@id="Input_Password"]'.</msg>
<status status="PASS" starttime="20200421 15:34:43.546" endtime="20200421 15:34:43.574"></status>
</kw>
<kw name="Click Element" library="SeleniumLibrary">
<doc>Click the element identified by ``locator``.</doc>
<arguments>
<arg>xpath://html/body/div/main/div/div[1]/section/form/div[5]/button</arg>
</arguments>
<msg timestamp="20200421 15:34:43.575" level="INFO">Clicking element 'xpath://html/body/div/main/div/div[1]/section/form/div[5]/button'.</msg>
<status status="PASS" starttime="20200421 15:34:43.575" endtime="20200421 15:34:43.654"></status>
</kw>
<kw name="Wait Until Page Contains" library="SeleniumLibrary">
<doc>Waits until ``text`` appears on the current page.</doc>
<arguments>
<arg>${USERNAME}</arg>
</arguments>
<status status="PASS" starttime="20200421 15:34:43.654" endtime="20200421 15:34:43.659"></status>
</kw>
<kw name="Click Element" library="SeleniumLibrary">
<doc>Click the element identified by ``locator``.</doc>
<arguments>
<arg>xpath://html/body/header/nav/div/div/ul[1]/li[3]/form/button</arg>
</arguments>
<msg timestamp="20200421 15:34:43.660" level="INFO">Clicking element 'xpath://html/body/header/nav/div/div/ul[1]/li[3]/form/button'.</msg>
<status status="PASS" starttime="20200421 15:34:43.659" endtime="20200421 15:34:43.723"></status>
</kw>
<kw name="Wait Until Page Does Not Contain" library="SeleniumLibrary">
<doc>Waits until ``text`` disappears from the current page.</doc>
<arguments>
<arg>${USERNAME}</arg>
</arguments>
<status status="PASS" starttime="20200421 15:34:43.723" endtime="20200421 15:34:43.728"></status>
</kw>
<status status="PASS" starttime="20200421 15:34:43.436" endtime="20200421 15:34:43.728"></status>
</kw>
<kw name="End Agile Project Test" type="teardown">
<kw name="Close Browser" library="SeleniumLibrary">
<doc>Closes the current browser.</doc>
<status status="PASS" starttime="20200421 15:34:43.728" endtime="20200421 15:34:44.355"></status>
</kw>
<status status="PASS" starttime="20200421 15:34:43.728" endtime="20200421 15:34:44.356"></status>
</kw>
<doc>Test: The user should be able to reach a login page with a button/link. The user should then be able to login with the credentials stored at the registration and log out.</doc>
<tags>
<tag>Account</tag>
<tag>Login</tag>
<tag>Logout</tag>
</tags>
<status status="PASS" starttime="20200421 15:34:38.739" endtime="20200421 15:34:44.356" critical="yes"></status>
</test>
<test id="s1-t6" name="User can reach register page from the login page">
<kw name="Begin Agile Project Page Test" type="setup">
<kw name="Open Browser" library="SeleniumLibrary">
<doc>Opens a new browser instance to the optional ``url``.</doc>
<arguments>
<arg>about:blank</arg>
<arg>${BROWSER}</arg>
</arguments>
<msg timestamp="20200421 15:34:44.357" level="INFO">Opening browser 'headlessfirefox' to base url 'about:blank'.</msg>
<msg timestamp="20200421 15:34:44.358" level="INFO">Firefox driver log is always forced to to: C:\Jenkins\workspace\AgileRebelRentalsPipeline\geckodriver-22.log</msg>
<status status="PASS" starttime="20200421 15:34:44.357" endtime="20200421 15:34:48.949"></status>
</kw>
<status status="PASS" starttime="20200421 15:34:44.356" endtime="20200421 15:34:48.950"></status>
</kw>
<kw name="Go to Web Page">
<kw name="Go To" library="SeleniumLibrary">
<doc>Navigates the current browser window to the provided ``url``.</doc>
<arguments>
<arg>${URL}</arg>
</arguments>
<msg timestamp="20200421 15:34:48.950" level="INFO">Opening url 'https://localhost:44353'</msg>
<status status="PASS" starttime="20200421 15:34:48.950" endtime="20200421 15:34:49.043"></status>
</kw>
<kw name="Wait Until Page Contains" library="SeleniumLibrary">
<doc>Waits until ``text`` appears on the current page.</doc>
<arguments>
<arg>${SEARCH_TERM}</arg>
</arguments>
<status status="PASS" starttime="20200421 15:34:49.043" endtime="20200421 15:34:49.055"></status>
</kw>
<status status="PASS" starttime="20200421 15:34:48.950" endtime="20200421 15:34:49.055"></status>
</kw>
<kw name="Go to register page from login page">
<kw name="Wait Until Page Contains" library="SeleniumLibrary">
<doc>Waits until ``text`` appears on the current page.</doc>
<arguments>
<arg>Login</arg>
</arguments>
<status status="PASS" starttime="20200421 15:34:49.056" endtime="20200421 15:34:49.060"></status>
</kw>
<kw name="Click Element" library="SeleniumLibrary">
<doc>Click the element identified by ``locator``.</doc>
<arguments>
<arg>xpath://html/body/header/nav/div/div/ul[1]/li[3]/a</arg>
</arguments>
<msg timestamp="20200421 15:34:49.061" level="INFO">Clicking element 'xpath://html/body/header/nav/div/div/ul[1]/li[3]/a'.</msg>
<status status="PASS" starttime="20200421 15:34:49.061" endtime="20200421 15:34:49.132"></status>
</kw>
<kw name="Wait Until Page Contains" library="SeleniumLibrary">
<doc>Waits until ``text`` appears on the current page.</doc>
<arguments>
<arg>Use a local account to log in</arg>
</arguments>
<status status="PASS" starttime="20200421 15:34:49.133" endtime="20200421 15:34:49.144"></status>
</kw>
<kw name="Click Element" library="SeleniumLibrary">
<doc>Click the element identified by ``locator``.</doc>
<arguments>
<arg>xpath://html/body/div/main/div/div[1]/section/form/div[6]/p[2]/a</arg>
</arguments>
<msg timestamp="20200421 15:34:49.144" level="INFO">Clicking element 'xpath://html/body/div/main/div/div[1]/section/form/div[6]/p[2]/a'.</msg>
<status status="PASS" starttime="20200421 15:34:49.144" endtime="20200421 15:34:49.207"></status>
</kw>
<kw name="Wait Until Page Contains" library="SeleniumLibrary">
<doc>Waits until ``text`` appears on the current page.</doc>
<arguments>
<arg>Create a new account</arg>
</arguments>
<status status="PASS" starttime="20200421 15:34:49.207" endtime="20200421 15:34:49.215"></status>
</kw>
<status status="PASS" starttime="20200421 15:34:49.056" endtime="20200421 15:34:49.215"></status>
</kw>
<kw name="End Agile Project Test" type="teardown">
<kw name="Close Browser" library="SeleniumLibrary">
<doc>Closes the current browser.</doc>
<status status="PASS" starttime="20200421 15:34:49.215" endtime="20200421 15:34:49.708"></status>
</kw>
<status status="PASS" starttime="20200421 15:34:49.215" endtime="20200421 15:34:49.708"></status>
</kw>
<doc>Test: The user should be able to reach the register page from the login page if they do not have an account.</doc>
<tags>
<tag>Account</tag>
<tag>Referal</tag>
</tags>
<status status="PASS" starttime="20200421 15:34:44.356" endtime="20200421 15:34:49.708" critical="yes"></status>
</test>
<test id="s1-t7" name="User can add ships/products to their shopping cart and remove them">
<kw name="Begin Agile Project Page Test" type="setup">
<kw name="Open Browser" library="SeleniumLibrary">
<doc>Opens a new browser instance to the optional ``url``.</doc>
<arguments>
<arg>about:blank</arg>
<arg>${BROWSER}</arg>
</arguments>
<msg timestamp="20200421 15:34:49.709" level="INFO">Opening browser 'headlessfirefox' to base url 'about:blank'.</msg>
<msg timestamp="20200421 15:34:49.710" level="INFO">Firefox driver log is always forced to to: C:\Jenkins\workspace\AgileRebelRentalsPipeline\geckodriver-23.log</msg>
<status status="PASS" starttime="20200421 15:34:49.709" endtime="20200421 15:34:54.313"></status>
</kw>
<status status="PASS" starttime="20200421 15:34:49.709" endtime="20200421 15:34:54.313"></status>
</kw>
<kw name="Go to Web Page">
<kw name="Go To" library="SeleniumLibrary">
<doc>Navigates the current browser window to the provided ``url``.</doc>
<arguments>
<arg>${URL}</arg>
</arguments>
<msg timestamp="20200421 15:34:54.314" level="INFO">Opening url 'https://localhost:44353'</msg>
<status status="PASS" starttime="20200421 15:34:54.314" endtime="20200421 15:34:54.395"></status>
</kw>
<kw name="Wait Until Page Contains" library="SeleniumLibrary">
<doc>Waits until ``text`` appears on the current page.</doc>
<arguments>
<arg>${SEARCH_TERM}</arg>
</arguments>
<status status="PASS" starttime="20200421 15:34:54.395" endtime="20200421 15:34:54.404"></status>
</kw>
<status status="PASS" starttime="20200421 15:34:54.314" endtime="20200421 15:34:54.404"></status>
</kw>
<kw name="Login to account">
<kw name="Wait Until Page Contains" library="SeleniumLibrary">
<doc>Waits until ``text`` appears on the current page.</doc>
<arguments>
<arg>Login</arg>
</arguments>
<status status="PASS" starttime="20200421 15:34:54.405" endtime="20200421 15:34:54.410"></status>
</kw>
<kw name="Click Element" library="SeleniumLibrary">
<doc>Click the element identified by ``locator``.</doc>
<arguments>
<arg>xpath://html/body/header/nav/div/div/ul[1]/li[3]/a</arg>
</arguments>
<msg timestamp="20200421 15:34:54.411" level="INFO">Clicking element 'xpath://html/body/header/nav/div/div/ul[1]/li[3]/a'.</msg>
<status status="PASS" starttime="20200421 15:34:54.411" endtime="20200421 15:34:54.483"></status>
</kw>
<kw name="Input Text" library="SeleniumLibrary">
<doc>Types the given ``text`` into the text field identified by ``locator``.</doc>
<arguments>
<arg>xpath://*[@id="Input_Email"]</arg>
<arg>${USERNAME}</arg>
</arguments>
<msg timestamp="20200421 15:34:54.483" level="INFO">Typing text 'test1@mctest1.se' into text field 'xpath://*[@id="Input_Email"]'.</msg>
<status status="PASS" starttime="20200421 15:34:54.483" endtime="20200421 15:34:54.524"></status>
</kw>
<kw name="Input Text" library="SeleniumLibrary">
<doc>Types the given ``text`` into the text field identified by ``locator``.</doc>
<arguments>
<arg>xpath://*[@id="Input_Password"]</arg>
<arg>${PASSWORD}</arg>
</arguments>
<msg timestamp="20200421 15:34:54.525" level="INFO">Typing text 'Testyness@10' into text field 'xpath://*[@id="Input_Password"]'.</msg>
<status status="PASS" starttime="20200421 15:34:54.525" endtime="20200421 15:34:54.549"></status>
</kw>
<kw name="Click Element" library="SeleniumLibrary">
<doc>Click the element identified by ``locator``.</doc>
<arguments>
<arg>xpath://html/body/div/main/div/div[1]/section/form/div[5]/button</arg>
</arguments>
<msg timestamp="20200421 15:34:54.549" level="INFO">Clicking element 'xpath://html/body/div/main/div/div[1]/section/form/div[5]/button'.</msg>
<status status="PASS" starttime="20200421 15:34:54.549" endtime="20200421 15:34:54.625"></status>
</kw>
<kw name="Wait Until Page Contains" library="SeleniumLibrary">
<doc>Waits until ``text`` appears on the current page.</doc>
<arguments>
<arg>${USERNAME}</arg>
</arguments>
<status status="PASS" starttime="20200421 15:34:54.626" endtime="20200421 15:34:54.629"></status>
</kw>
<status status="PASS" starttime="20200421 15:34:54.404" endtime="20200421 15:34:54.629"></status>
</kw>
<kw name="Go to Ships page">
<kw name="Click Element" library="SeleniumLibrary">
<doc>Click the element identified by ``locator``.</doc>
<arguments>
<arg>xpath://html/body/header/nav/div/div/ul[2]/li[2]/a</arg>
</arguments>
<msg timestamp="20200421 15:34:54.630" level="INFO">Clicking element 'xpath://html/body/header/nav/div/div/ul[2]/li[2]/a'.</msg>
<status status="PASS" starttime="20200421 15:34:54.630" endtime="20200421 15:34:54.716"></status>
</kw>
<kw name="Wait Until Page Contains" library="SeleniumLibrary">
<doc>Waits until ``text`` appears on the current page.</doc>
<arguments>
<arg>Max. population</arg>
</arguments>
<status status="PASS" starttime="20200421 15:34:54.716" endtime="20200421 15:34:54.722"></status>
</kw>
<status status="PASS" starttime="20200421 15:34:54.629" endtime="20200421 15:34:54.723"></status>
</kw>
<kw name="Add ships to cart">
<kw name="Click Button" library="SeleniumLibrary">
<doc>Clicks the button identified by ``locator``.</doc>
<arguments>
<arg>xpath://html/body/div/main/table/tbody/tr[2]/td[6]/form/button</arg>
</arguments>
<msg timestamp="20200421 15:34:54.723" level="INFO">Clicking button 'xpath://html/body/div/main/table/tbody/tr[2]/td[6]/form/button'.</msg>
<status status="PASS" starttime="20200421 15:34:54.723" endtime="20200421 15:34:54.792"></status>
</kw>
<kw name="Click Button" library="SeleniumLibrary">
<doc>Clicks the button identified by ``locator``.</doc>
<arguments>
<arg>xpath://html/body/div/main/table/tbody/tr[4]/td[6]/form/button</arg>
</arguments>
<msg timestamp="20200421 15:34:54.792" level="INFO">Clicking button 'xpath://html/body/div/main/table/tbody/tr[4]/td[6]/form/button'.</msg>
<status status="PASS" starttime="20200421 15:34:54.792" endtime="20200421 15:34:54.859"></status>
</kw>
<status status="PASS" starttime="20200421 15:34:54.723" endtime="20200421 15:34:54.859"></status>
</kw>
<kw name="Go to cart">
<kw name="Click Element" library="SeleniumLibrary">
<doc>Click the element identified by ``locator``.</doc>
<arguments>
<arg>xpath://html/body/header/nav/div/div/ul[1]/li[1]/a</arg>
</arguments>
<msg timestamp="20200421 15:34:54.860" level="INFO">Clicking element 'xpath://html/body/header/nav/div/div/ul[1]/li[1]/a'.</msg>
<status status="PASS" starttime="20200421 15:34:54.859" endtime="20200421 15:34:54.915"></status>
</kw>
<kw name="Wait Until Page Contains" library="SeleniumLibrary">
<doc>Waits until ``text`` appears on the current page.</doc>
<arguments>
<arg>Death Star</arg>
</arguments>
<status status="PASS" starttime="20200421 15:34:54.915" endtime="20200421 15:34:54.919"></status>
</kw>
<kw name="Wait Until Page Contains" library="SeleniumLibrary">
<doc>Waits until ``text`` appears on the current page.</doc>
<arguments>
<arg>Star Destroyer</arg>
</arguments>
<status status="PASS" starttime="20200421 15:34:54.919" endtime="20200421 15:34:54.925"></status>
</kw>
<status status="PASS" starttime="20200421 15:34:54.859" endtime="20200421 15:34:54.925"></status>
</kw>
<kw name="Remove ship from cart">
<kw name="Click Button" library="SeleniumLibrary">
<doc>Clicks the button identified by ``locator``.</doc>
<arguments>
<arg>xpath://html/body/div/main/table/tbody/tr[2]/td[10]/form/button</arg>
</arguments>
<msg timestamp="20200421 15:34:54.925" level="INFO">Clicking button 'xpath://html/body/div/main/table/tbody/tr[2]/td[10]/form/button'.</msg>
<status status="PASS" starttime="20200421 15:34:54.925" endtime="20200421 15:34:54.980"></status>
</kw>
<kw name="Wait Until Page Does Not Contain" library="SeleniumLibrary">
<doc>Waits until ``text`` disappears from the current page.</doc>
<arguments>
<arg>Star Destroyer</arg>
</arguments>
<status status="PASS" starttime="20200421 15:34:54.980" endtime="20200421 15:34:54.982"></status>
</kw>
<status status="PASS" starttime="20200421 15:34:54.925" endtime="20200421 15:34:54.983"></status>
</kw>
<kw name="End Agile Project Test" type="teardown">
<kw name="Close Browser" library="SeleniumLibrary">
<doc>Closes the current browser.</doc>
<status status="PASS" starttime="20200421 15:34:54.983" endtime="20200421 15:34:55.494"></status>
</kw>
<status status="PASS" starttime="20200421 15:34:54.983" endtime="20200421 15:34:55.494"></status>
</kw>
<doc>Test: The user should be able to add and remove products from their cart, and reach said cart.</doc>
<tags>
<tag>Account</tag>
<tag>Add_Products</tag>
<tag>Shopping_Cart</tag>
</tags>
<status status="PASS" starttime="20200421 15:34:49.708" endtime="20200421 15:34:55.494" critical="yes"></status>
</test>
<doc>This is a test suite around an agile projects website made with Razor Pages.</doc>
<status status="PASS" starttime="20200421 15:34:16.331" endtime="20200421 15:34:55.495"></status>
</suite>
<statistics>
<total>
<stat pass="7" fail="0">Critical Tests</stat>
<stat pass="7" fail="0">All Tests</stat>
</total>
<tag>
<stat pass="1" fail="0">Access</stat>
<stat pass="5" fail="0">Account</stat>
<stat pass="1" fail="0">Add_Products</stat>
<stat pass="1" fail="0">Header</stat>
<stat pass="1" fail="0">Login</stat>
<stat pass="1" fail="0">Logout</stat>
<stat pass="1" fail="0">Pages</stat>
<stat pass="1" fail="0">Profanity_Filter</stat>
<stat pass="1" fail="0">Referal</stat>
<stat pass="1" fail="0">Shopping_Cart</stat>
</tag>
<suite>
<stat pass="7" fail="0" id="s1" name="RebelRentals">RebelRentals</stat>
</suite>
</statistics>
<errors>
</errors>
</robot>
