<?xml version="1.0" encoding="UTF-8"?>
<robot generator="Robot 3.1.2 (Python 3.8.1 on win32)" generated="20200421 13:49:30.301" rpa="false">
<suite id="s1" name="Tests" source="C:\Users\fritz\PycharmProjects\RebelRentals\tests">
<suite id="s1-s1" name="rebelRentals" source="C:\Users\fritz\PycharmProjects\RebelRentals\tests\rebelRentals.robot">
<kw name="Begin Webtest" library="keywords" type="setup">
<kw name="Open Browser" library="SeleniumLibrary">
<doc>Opens a new browser instance to the optional ``url``.</doc>
<arguments>
<arg>about:blank</arg>
<arg>${BROWSER}</arg>
</arguments>
<msg timestamp="20200421 13:49:30.673" level="INFO">Opening browser 'chrome' to base url 'about:blank'.</msg>
<status status="PASS" starttime="20200421 13:49:30.673" endtime="20200421 13:49:36.146"></status>
</kw>
<status status="PASS" starttime="20200421 13:49:30.672" endtime="20200421 13:49:36.146"></status>
</kw>
<test id="s1-s1-t1" name="TEst the test">
<kw name="Page Loaded" library="keywords">
<kw name="Load Page" library="keywords">
<kw name="Go To" library="SeleniumLibrary">
<doc>Navigates the current browser window to the provided ``url``.</doc>
<arguments>
<arg>${URL}</arg>
</arguments>
<msg timestamp="20200421 13:49:36.148" level="INFO">Opening url 'https://localhost:44353/'</msg>
<status status="PASS" starttime="20200421 13:49:36.147" endtime="20200421 13:49:36.539"></status>
</kw>
<status status="PASS" starttime="20200421 13:49:36.147" endtime="20200421 13:49:36.539"></status>
</kw>
<kw name="Verify Rental Page Loaded" library="keywords">
<kw name="Location Should Be" library="SeleniumLibrary">
<doc>Verifies that the current URL is exactly ``url``.</doc>
<arguments>
<arg>https://localhost:44353/</arg>
</arguments>
<msg timestamp="20200421 13:49:36.557" level="INFO">Current location is 'https://localhost:44353/'.</msg>
<status status="PASS" starttime="20200421 13:49:36.540" endtime="20200421 13:49:36.557"></status>
</kw>
<status status="PASS" starttime="20200421 13:49:36.539" endtime="20200421 13:49:36.557"></status>
</kw>
<status status="PASS" starttime="20200421 13:49:36.147" endtime="20200421 13:49:36.558"></status>
</kw>
<kw name="Verify Rental Page Loaded" library="keywords">
<kw name="Location Should Be" library="SeleniumLibrary">
<doc>Verifies that the current URL is exactly ``url``.</doc>
<arguments>
<arg>https://localhost:44353/</arg>
</arguments>
<msg timestamp="20200421 13:49:36.570" level="INFO">Current location is 'https://localhost:44353/'.</msg>
<status status="PASS" starttime="20200421 13:49:36.562" endtime="20200421 13:49:36.571"></status>
</kw>
<status status="PASS" starttime="20200421 13:49:36.562" endtime="20200421 13:49:36.572"></status>
</kw>
<kw name="Press Ships" library="keywords">
<kw name="Click Element" library="SeleniumLibrary">
<doc>Click the element identified by ``locator``.</doc>
<arguments>
<arg>Xpath://div/div/ul[2]/li[2]/a</arg>
</arguments>
<msg timestamp="20200421 13:49:36.574" level="INFO">Clicking element 'Xpath://div/div/ul[2]/li[2]/a'.</msg>
<status status="PASS" starttime="20200421 13:49:36.574" endtime="20200421 13:49:37.117"></status>
</kw>
<kw name="Location Should Be" library="SeleniumLibrary">
<doc>Verifies that the current URL is exactly ``url``.</doc>
<arguments>
<arg>https://localhost:44353/Ships</arg>
</arguments>
<msg timestamp="20200421 13:49:37.133" level="INFO">Current location is 'https://localhost:44353/Ships'.</msg>
<status status="PASS" starttime="20200421 13:49:37.117" endtime="20200421 13:49:37.133"></status>
</kw>
<status status="PASS" starttime="20200421 13:49:36.573" endtime="20200421 13:49:37.134"></status>
</kw>
<kw name="Find Images" library="keywords">
<kw name="Page Should Contain Image" library="SeleniumLibrary">
<doc>Verifies image identified by ``locator`` is found from current page.</doc>
<arguments>
<arg>Xpath://div/main/table/tbody/tr[2]/td[1]/img</arg>
</arguments>
<msg timestamp="20200421 13:49:37.185" level="INFO">Current page contains image 'Xpath://div/main/table/tbody/tr[2]/td[1]/img'.</msg>
<status status="PASS" starttime="20200421 13:49:37.136" endtime="20200421 13:49:37.186"></status>
</kw>
<kw name="Page Should Contain Image" library="SeleniumLibrary">
<doc>Verifies image identified by ``locator`` is found from current page.</doc>
<arguments>
<arg>Xpath://div/main/table/tbody/tr[1]/td[1]/img</arg>
</arguments>
<msg timestamp="20200421 13:49:37.228" level="INFO">Current page contains image 'Xpath://div/main/table/tbody/tr[1]/td[1]/img'.</msg>
<status status="PASS" starttime="20200421 13:49:37.186" endtime="20200421 13:49:37.229"></status>
</kw>
<status status="PASS" starttime="20200421 13:49:37.135" endtime="20200421 13:49:37.229"></status>
</kw>
<kw name="Enter details" library="keywords">
<kw name="Click Element" library="SeleniumLibrary">
<doc>Click the element identified by ``locator``.</doc>
<arguments>
<arg>Xpath://div/main/table/tbody/tr[1]/td[6]/a[2]</arg>
</arguments>
<msg timestamp="20200421 13:49:37.230" level="INFO">Clicking element 'Xpath://div/main/table/tbody/tr[1]/td[6]/a[2]'.</msg>
<status status="PASS" starttime="20200421 13:49:37.230" endtime="20200421 13:49:37.491"></status>
</kw>
<kw name="Location Should Be" library="SeleniumLibrary">
<doc>Verifies that the current URL is exactly ``url``.</doc>
<arguments>
<arg>https://localhost:44353/Ships/Details?id=2</arg>
</arguments>
<msg timestamp="20200421 13:49:37.542" level="INFO">Current location is 'https://localhost:44353/Ships/Details?id=2'.</msg>
<status status="PASS" starttime="20200421 13:49:37.492" endtime="20200421 13:49:37.542"></status>
</kw>
<status status="PASS" starttime="20200421 13:49:37.229" endtime="20200421 13:49:37.542"></status>
</kw>
<kw name="More Find Images" library="keywords">
<kw name="Page Should Contain Image" library="SeleniumLibrary">
<doc>Verifies image identified by ``locator`` is found from current page.</doc>
<arguments>
<arg>Xpath://div/main/div[1]/img</arg>
</arguments>
<msg timestamp="20200421 13:49:37.591" level="INFO">Current page contains image 'Xpath://div/main/div[1]/img'.</msg>
<status status="PASS" starttime="20200421 13:49:37.544" endtime="20200421 13:49:37.592"></status>
</kw>
<status status="PASS" starttime="20200421 13:49:37.543" endtime="20200421 13:49:37.592"></status>
</kw>
<doc>bruh</doc>
<tags>
<tag>bruh2</tag>
</tags>
<status status="PASS" starttime="20200421 13:49:36.146" endtime="20200421 13:49:37.593" critical="yes"></status>
</test>
<kw name="End webtest" library="keywords" type="teardown">
<kw name="Close Browser" library="SeleniumLibrary">
<doc>Closes the current browser.</doc>
<status status="PASS" starttime="20200421 13:49:37.596" endtime="20200421 13:49:40.707"></status>
</kw>
<status status="PASS" starttime="20200421 13:49:37.595" endtime="20200421 13:49:40.708"></status>
</kw>
<doc>This is some basic info about the whole test suite</doc>
<status status="PASS" starttime="20200421 13:49:30.348" endtime="20200421 13:49:40.708"></status>
</suite>
<status status="PASS" starttime="20200421 13:49:30.304" endtime="20200421 13:49:40.720"></status>
</suite>
<statistics>
<total>
<stat pass="1" fail="0">Critical Tests</stat>
<stat pass="1" fail="0">All Tests</stat>
</total>
<tag>
<stat pass="1" fail="0">bruh2</stat>
</tag>
<suite>
<stat pass="1" fail="0" id="s1" name="Tests">Tests</stat>
<stat pass="1" fail="0" id="s1-s1" name="rebelRentals">Tests.rebelRentals</stat>
</suite>
</statistics>
<errors>
</errors>
</robot>
