<?xml version="1.0" encoding="UTF-8"?>
<robot generator="Robot 3.1.2 (Python 3.8.1 on win32)" generated="20200421 13:24:09.760" rpa="false">
<suite id="s1" name="Tests" source="C:\Users\fritz\PycharmProjects\RebelRentals\tests">
<suite id="s1-s1" name="rebelRentals" source="C:\Users\fritz\PycharmProjects\RebelRentals\tests\rebelRentals.robot">
<kw name="Begin Webtest" library="keywords" type="setup">
<kw name="Open Browser" library="SeleniumLibrary">
<doc>Opens a new browser instance to the optional ``url``.</doc>
<arguments>
<arg>about:blank</arg>
<arg>${BROWSER}</arg>
</arguments>
<msg timestamp="20200421 13:24:10.269" level="INFO">Opening browser 'chrome' to base url 'about:blank'.</msg>
<status status="PASS" starttime="20200421 13:24:10.269" endtime="20200421 13:24:15.838"></status>
</kw>
<status status="PASS" starttime="20200421 13:24:10.268" endtime="20200421 13:24:15.839"></status>
</kw>
<test id="s1-s1-t1" name="TEst the test">
<kw name="Page Loaded" library="keywords">
<kw name="Load Page" library="keywords">
<kw name="Go To" library="SeleniumLibrary">
<doc>Navigates the current browser window to the provided ``url``.</doc>
<arguments>
<arg>${URL}</arg>
</arguments>
<msg timestamp="20200421 13:24:15.844" level="INFO">Opening url 'https://localhost:44353/'</msg>
<status status="PASS" starttime="20200421 13:24:15.843" endtime="20200421 13:24:16.284"></status>
</kw>
<status status="PASS" starttime="20200421 13:24:15.841" endtime="20200421 13:24:16.284"></status>
</kw>
<kw name="Verify Rental Page Loaded" library="keywords">
<kw name="Location Should Be" library="SeleniumLibrary">
<doc>Verifies that the current URL is exactly ``url``.</doc>
<arguments>
<arg>https://localhost:44353/</arg>
</arguments>
<msg timestamp="20200421 13:24:16.306" level="INFO">Current location is 'https://localhost:44353/'.</msg>
<status status="PASS" starttime="20200421 13:24:16.285" endtime="20200421 13:24:16.306"></status>
</kw>
<status status="PASS" starttime="20200421 13:24:16.285" endtime="20200421 13:24:16.307"></status>
</kw>
<status status="PASS" starttime="20200421 13:24:15.840" endtime="20200421 13:24:16.307"></status>
</kw>
<kw name="Verify Rental Page Loaded" library="keywords">
<kw name="Location Should Be" library="SeleniumLibrary">
<doc>Verifies that the current URL is exactly ``url``.</doc>
<arguments>
<arg>https://localhost:44353/</arg>
</arguments>
<msg timestamp="20200421 13:24:16.329" level="INFO">Current location is 'https://localhost:44353/'.</msg>
<status status="PASS" starttime="20200421 13:24:16.311" endtime="20200421 13:24:16.329"></status>
</kw>
<status status="PASS" starttime="20200421 13:24:16.310" endtime="20200421 13:24:16.329"></status>
</kw>
<kw name="Press Ships" library="keywords">
<kw name="Click Element" library="SeleniumLibrary">
<doc>Click the element identified by ``locator``.</doc>
<arguments>
<arg>Xpath://div/div/ul[2]/li[2]/a</arg>
</arguments>
<msg timestamp="20200421 13:24:16.353" level="INFO">Clicking element 'Xpath://div/div/ul[2]/li[2]/a'.</msg>
<status status="PASS" starttime="20200421 13:24:16.352" endtime="20200421 13:24:17.172"></status>
</kw>
<kw name="Location Should Be" library="SeleniumLibrary">
<doc>Verifies that the current URL is exactly ``url``.</doc>
<arguments>
<arg>https://localhost:44353/Ships</arg>
</arguments>
<msg timestamp="20200421 13:24:17.206" level="INFO">Current location is 'https://localhost:44353/Ships'.</msg>
<status status="PASS" starttime="20200421 13:24:17.172" endtime="20200421 13:24:17.206"></status>
</kw>
<status status="PASS" starttime="20200421 13:24:16.351" endtime="20200421 13:24:17.207"></status>
</kw>
<kw name="Find Images" library="keywords">
<kw name="Page Should Contain Image" library="SeleniumLibrary">
<doc>Verifies image identified by ``locator`` is found from current page.</doc>
<arguments>
<arg>Xpath://div/main/table/tbody/tr[2]/td[1]/img</arg>
</arguments>
<msg timestamp="20200421 13:24:17.266" level="INFO">Current page contains image 'Xpath://div/main/table/tbody/tr[2]/td[1]/img'.</msg>
<status status="PASS" starttime="20200421 13:24:17.209" endtime="20200421 13:24:17.267"></status>
</kw>
<kw name="Page Should Contain Image" library="SeleniumLibrary">
<doc>Verifies image identified by ``locator`` is found from current page.</doc>
<arguments>
<arg>Xpath://div/main/table/tbody/tr[1]/td[1]/img</arg>
</arguments>
<msg timestamp="20200421 13:24:17.307" level="INFO">Current page contains image 'Xpath://div/main/table/tbody/tr[1]/td[1]/img'.</msg>
<status status="PASS" starttime="20200421 13:24:17.267" endtime="20200421 13:24:17.307"></status>
</kw>
<status status="PASS" starttime="20200421 13:24:17.209" endtime="20200421 13:24:17.308"></status>
</kw>
<doc>bruh</doc>
<tags>
<tag>bruh2</tag>
</tags>
<status status="PASS" starttime="20200421 13:24:15.839" endtime="20200421 13:24:17.309" critical="yes"></status>
</test>
<kw name="End webtest" library="keywords" type="teardown">
<kw name="Close Browser" library="SeleniumLibrary">
<doc>Closes the current browser.</doc>
<status status="PASS" starttime="20200421 13:24:17.313" endtime="20200421 13:24:19.618"></status>
</kw>
<status status="PASS" starttime="20200421 13:24:17.312" endtime="20200421 13:24:19.618"></status>
</kw>
<doc>This is some basic info about the whole test suite</doc>
<status status="PASS" starttime="20200421 13:24:09.804" endtime="20200421 13:24:19.618"></status>
</suite>
<status status="PASS" starttime="20200421 13:24:09.763" endtime="20200421 13:24:19.629"></status>
</suite>
<statistics>
<total>
<stat pass="1" fail="0">Critical Tests</stat>
<stat pass="1" fail="0">All Tests</stat>
</total>
<tag>
<stat pass="1" fail="0">bruh2</stat>
</tag>
<suite>
<stat pass="1" fail="0" id="s1" name="Tests">Tests</stat>
<stat pass="1" fail="0" id="s1-s1" name="rebelRentals">Tests.rebelRentals</stat>
</suite>
</statistics>
<errors>
</errors>
</robot>
