<?xml version="1.0" encoding="UTF-8"?>
<robot generator="Robot 3.1.2 (Python 3.8.1 on win32)" generated="20200421 16:38:26.349" rpa="false">
<suite id="s1" name="Tests" source="C:\Users\fritz\PycharmProjects\RebelRentals\tests">
<suite id="s1-s1" name="rebelRentals" source="C:\Users\fritz\PycharmProjects\RebelRentals\tests\rebelRentals.robot">
<kw name="Begin Webtest" library="keywords" type="setup">
<kw name="Open Browser" library="SeleniumLibrary">
<doc>Opens a new browser instance to the optional ``url``.</doc>
<arguments>
<arg>about:blank</arg>
<arg>${BROWSER}</arg>
</arguments>
<msg timestamp="20200421 16:38:27.059" level="INFO">Opening browser 'chrome' to base url 'about:blank'.</msg>
<status status="PASS" starttime="20200421 16:38:27.058" endtime="20200421 16:38:32.819"></status>
</kw>
<status status="PASS" starttime="20200421 16:38:27.057" endtime="20200421 16:38:32.819"></status>
</kw>
<test id="s1-s1-t1" name="WEB1-25 test">
<kw name="Page Loaded" library="keywords">
<kw name="Load Page" library="keywords">
<kw name="Go To" library="SeleniumLibrary">
<doc>Navigates the current browser window to the provided ``url``.</doc>
<arguments>
<arg>${URL}</arg>
</arguments>
<msg timestamp="20200421 16:38:32.822" level="INFO">Opening url 'https://localhost:44353/'</msg>
<status status="PASS" starttime="20200421 16:38:32.821" endtime="20200421 16:38:34.171"></status>
</kw>
<status status="PASS" starttime="20200421 16:38:32.821" endtime="20200421 16:38:34.171"></status>
</kw>
<kw name="Verify Rental Page Loaded" library="keywords">
<kw name="Location Should Be" library="SeleniumLibrary">
<doc>Verifies that the current URL is exactly ``url``.</doc>
<arguments>
<arg>https://localhost:44353/</arg>
</arguments>
<msg timestamp="20200421 16:38:34.197" level="INFO">Current location is 'https://localhost:44353/'.</msg>
<status status="PASS" starttime="20200421 16:38:34.172" endtime="20200421 16:38:34.197"></status>
</kw>
<status status="PASS" starttime="20200421 16:38:34.172" endtime="20200421 16:38:34.197"></status>
</kw>
<status status="PASS" starttime="20200421 16:38:32.821" endtime="20200421 16:38:34.197"></status>
</kw>
<kw name="Verify Rental Page Loaded" library="keywords">
<kw name="Location Should Be" library="SeleniumLibrary">
<doc>Verifies that the current URL is exactly ``url``.</doc>
<arguments>
<arg>https://localhost:44353/</arg>
</arguments>
<msg timestamp="20200421 16:38:34.206" level="INFO">Current location is 'https://localhost:44353/'.</msg>
<status status="PASS" starttime="20200421 16:38:34.199" endtime="20200421 16:38:34.206"></status>
</kw>
<status status="PASS" starttime="20200421 16:38:34.198" endtime="20200421 16:38:34.207"></status>
</kw>
<kw name="Press Ships" library="keywords">
<kw name="Click Element" library="SeleniumLibrary">
<doc>Click the element identified by ``locator``.</doc>
<arguments>
<arg>Xpath://div/div/ul[2]/li[2]/a</arg>
</arguments>
<msg timestamp="20200421 16:38:34.208" level="INFO">Clicking element 'Xpath://div/div/ul[2]/li[2]/a'.</msg>
<status status="PASS" starttime="20200421 16:38:34.207" endtime="20200421 16:38:34.769"></status>
</kw>
<kw name="Location Should Be" library="SeleniumLibrary">
<doc>Verifies that the current URL is exactly ``url``.</doc>
<arguments>
<arg>https://localhost:44353/Ships</arg>
</arguments>
<msg timestamp="20200421 16:38:34.776" level="INFO">Current location is 'https://localhost:44353/Ships'.</msg>
<status status="PASS" starttime="20200421 16:38:34.769" endtime="20200421 16:38:34.777"></status>
</kw>
<status status="PASS" starttime="20200421 16:38:34.207" endtime="20200421 16:38:34.777"></status>
</kw>
<kw name="Find Images" library="keywords">
<kw name="Page Should Contain Image" library="SeleniumLibrary">
<doc>Verifies image identified by ``locator`` is found from current page.</doc>
<arguments>
<arg>Xpath://div/main/table/tbody/tr[2]/td[1]/img</arg>
</arguments>
<msg timestamp="20200421 16:38:34.808" level="INFO">Current page contains image 'Xpath://div/main/table/tbody/tr[2]/td[1]/img'.</msg>
<status status="PASS" starttime="20200421 16:38:34.778" endtime="20200421 16:38:34.809"></status>
</kw>
<kw name="Page Should Contain Image" library="SeleniumLibrary">
<doc>Verifies image identified by ``locator`` is found from current page.</doc>
<arguments>
<arg>Xpath://div/main/table/tbody/tr[1]/td[1]/img</arg>
</arguments>
<msg timestamp="20200421 16:38:34.838" level="INFO">Current page contains image 'Xpath://div/main/table/tbody/tr[1]/td[1]/img'.</msg>
<status status="PASS" starttime="20200421 16:38:34.809" endtime="20200421 16:38:34.839"></status>
</kw>
<status status="PASS" starttime="20200421 16:38:34.778" endtime="20200421 16:38:34.839"></status>
</kw>
<kw name="Enter details" library="keywords">
<kw name="Click Element" library="SeleniumLibrary">
<doc>Click the element identified by ``locator``.</doc>
<arguments>
<arg>Xpath://div/main/table/tbody/tr[1]/td[6]/a[2]</arg>
</arguments>
<msg timestamp="20200421 16:38:34.841" level="INFO">Clicking element 'Xpath://div/main/table/tbody/tr[1]/td[6]/a[2]'.</msg>
<status status="PASS" starttime="20200421 16:38:34.840" endtime="20200421 16:38:35.054"></status>
</kw>
<kw name="Location Should Be" library="SeleniumLibrary">
<doc>Verifies that the current URL is exactly ``url``.</doc>
<arguments>
<arg>https://localhost:44353/Ships/Details?id=2</arg>
</arguments>
<msg timestamp="20200421 16:38:35.062" level="INFO">Current location is 'https://localhost:44353/Ships/Details?id=2'.</msg>
<status status="PASS" starttime="20200421 16:38:35.054" endtime="20200421 16:38:35.062"></status>
</kw>
<status status="PASS" starttime="20200421 16:38:34.840" endtime="20200421 16:38:35.063"></status>
</kw>
<kw name="More Find Images" library="keywords">
<kw name="Page Should Contain Image" library="SeleniumLibrary">
<doc>Verifies image identified by ``locator`` is found from current page.</doc>
<arguments>
<arg>Xpath://div/main/div[1]/img</arg>
</arguments>
<msg timestamp="20200421 16:38:35.093" level="INFO">Current page contains image 'Xpath://div/main/div[1]/img'.</msg>
<status status="PASS" starttime="20200421 16:38:35.064" endtime="20200421 16:38:35.093"></status>
</kw>
<status status="PASS" starttime="20200421 16:38:35.063" endtime="20200421 16:38:35.093"></status>
</kw>
<doc>Yhis is the test case that is going to test the functionality of the list of ships.</doc>
<tags>
<tag>Test WEB1-25</tag>
</tags>
<status status="PASS" starttime="20200421 16:38:32.819" endtime="20200421 16:38:35.094" critical="yes"></status>
</test>
<test id="s1-s1-t2" name="WEB1-42 Test">
<kw name="Page Loaded" library="keywords">
<kw name="Load Page" library="keywords">
<kw name="Go To" library="SeleniumLibrary">
<doc>Navigates the current browser window to the provided ``url``.</doc>
<arguments>
<arg>${URL}</arg>
</arguments>
<msg timestamp="20200421 16:38:35.100" level="INFO">Opening url 'https://localhost:44353/'</msg>
<status status="PASS" starttime="20200421 16:38:35.099" endtime="20200421 16:38:35.197"></status>
</kw>
<status status="PASS" starttime="20200421 16:38:35.099" endtime="20200421 16:38:35.198"></status>
</kw>
<kw name="Verify Rental Page Loaded" library="keywords">
<kw name="Location Should Be" library="SeleniumLibrary">
<doc>Verifies that the current URL is exactly ``url``.</doc>
<arguments>
<arg>https://localhost:44353/</arg>
</arguments>
<msg timestamp="20200421 16:38:35.205" level="INFO">Current location is 'https://localhost:44353/'.</msg>
<status status="PASS" starttime="20200421 16:38:35.199" endtime="20200421 16:38:35.205"></status>
</kw>
<status status="PASS" starttime="20200421 16:38:35.198" endtime="20200421 16:38:35.205"></status>
</kw>
<status status="PASS" starttime="20200421 16:38:35.098" endtime="20200421 16:38:35.206"></status>
</kw>
<kw name="Verify Rental Page Loaded" library="keywords">
<kw name="Location Should Be" library="SeleniumLibrary">
<doc>Verifies that the current URL is exactly ``url``.</doc>
<arguments>
<arg>https://localhost:44353/</arg>
</arguments>
<msg timestamp="20200421 16:38:35.215" level="INFO">Current location is 'https://localhost:44353/'.</msg>
<status status="PASS" starttime="20200421 16:38:35.209" endtime="20200421 16:38:35.216"></status>
</kw>
<status status="PASS" starttime="20200421 16:38:35.207" endtime="20200421 16:38:35.216"></status>
</kw>
<kw name="Press Ships" library="keywords">
<kw name="Click Element" library="SeleniumLibrary">
<doc>Click the element identified by ``locator``.</doc>
<arguments>
<arg>Xpath://div/div/ul[2]/li[2]/a</arg>
</arguments>
<msg timestamp="20200421 16:38:35.217" level="INFO">Clicking element 'Xpath://div/div/ul[2]/li[2]/a'.</msg>
<status status="PASS" starttime="20200421 16:38:35.217" endtime="20200421 16:38:35.416"></status>
</kw>
<kw name="Location Should Be" library="SeleniumLibrary">
<doc>Verifies that the current URL is exactly ``url``.</doc>
<arguments>
<arg>https://localhost:44353/Ships</arg>
</arguments>
<msg timestamp="20200421 16:38:35.422" level="INFO">Current location is 'https://localhost:44353/Ships'.</msg>
<status status="PASS" starttime="20200421 16:38:35.417" endtime="20200421 16:38:35.422"></status>
</kw>
<status status="PASS" starttime="20200421 16:38:35.217" endtime="20200421 16:38:35.422"></status>
</kw>
<kw name="Place An Order" library="keywords">
<kw name="Click Element" library="SeleniumLibrary">
<doc>Click the element identified by ``locator``.</doc>
<arguments>
<arg>Xpath://div/main/table/tbody/tr[1]/td[6]/form/button</arg>
</arguments>
<msg timestamp="20200421 16:38:35.427" level="INFO">Clicking element 'Xpath://div/main/table/tbody/tr[1]/td[6]/form/button'.</msg>
<status status="PASS" starttime="20200421 16:38:35.427" endtime="20200421 16:38:35.656"></status>
</kw>
<status status="PASS" starttime="20200421 16:38:35.426" endtime="20200421 16:38:35.656"></status>
</kw>
<kw name="Go To Order Page" library="keywords">
<kw name="Click Element" library="SeleniumLibrary">
<doc>Click the element identified by ``locator``.</doc>
<arguments>
<arg>Xpath://nav/div/div/ul[1]/li[1]/a/img</arg>
</arguments>
<msg timestamp="20200421 16:38:35.658" level="INFO">Clicking element 'Xpath://nav/div/div/ul[1]/li[1]/a/img'.</msg>
<status status="PASS" starttime="20200421 16:38:35.658" endtime="20200421 16:38:35.868"></status>
</kw>
<kw name="Location Should Be" library="SeleniumLibrary">
<doc>Verifies that the current URL is exactly ``url``.</doc>
<arguments>
<arg>https://localhost:44353/ShoppingCartOverview</arg>
</arguments>
<msg timestamp="20200421 16:38:35.880" level="INFO">Current location is 'https://localhost:44353/ShoppingCartOverview'.</msg>
<status status="PASS" starttime="20200421 16:38:35.868" endtime="20200421 16:38:35.880"></status>
</kw>
<status status="PASS" starttime="20200421 16:38:35.657" endtime="20200421 16:38:35.880"></status>
</kw>
<kw name="Page Should Contain" library="SeleniumLibrary">
<doc>Verifies that current page contains ``text``.</doc>
<arguments>
<arg>A-Wing</arg>
</arguments>
<msg timestamp="20200421 16:38:35.904" level="INFO">Current page contains text 'A-Wing'.</msg>
<status status="PASS" starttime="20200421 16:38:35.881" endtime="20200421 16:38:35.904"></status>
</kw>
<kw name="Page Should Contain" library="SeleniumLibrary">
<doc>Verifies that current page contains ``text``.</doc>
<arguments>
<arg>Death Star</arg>
</arguments>
<msg timestamp="20200421 16:38:35.939" level="INFO">Current page contains text 'Death Star'.</msg>
<status status="PASS" starttime="20200421 16:38:35.905" endtime="20200421 16:38:35.939"></status>
</kw>
<doc>Yhis is the test case that is going to test the functionality of the order page.</doc>
<tags>
<tag>Test WEB-42</tag>
</tags>
<status status="PASS" starttime="20200421 16:38:35.096" endtime="20200421 16:38:35.940" critical="yes"></status>
</test>
<kw name="End webtest" library="keywords" type="teardown">
<kw name="Close Browser" library="SeleniumLibrary">
<doc>Closes the current browser.</doc>
<status status="PASS" starttime="20200421 16:38:35.944" endtime="20200421 16:38:38.313"></status>
</kw>
<status status="PASS" starttime="20200421 16:38:35.943" endtime="20200421 16:38:38.313"></status>
</kw>
<doc>This is some basic info about the whole test suite</doc>
<status status="PASS" starttime="20200421 16:38:26.388" endtime="20200421 16:38:38.313"></status>
</suite>
<status status="PASS" starttime="20200421 16:38:26.352" endtime="20200421 16:38:38.320"></status>
</suite>
<statistics>
<total>
<stat pass="2" fail="0">Critical Tests</stat>
<stat pass="2" fail="0">All Tests</stat>
</total>
<tag>
<stat pass="1" fail="0">Test WEB-42</stat>
<stat pass="1" fail="0">Test WEB1-25</stat>
</tag>
<suite>
<stat pass="2" fail="0" id="s1" name="Tests">Tests</stat>
<stat pass="2" fail="0" id="s1-s1" name="rebelRentals">Tests.rebelRentals</stat>
</suite>
</statistics>
<errors>
</errors>
</robot>
