<?xml version="1.0" encoding="UTF-8"?>
<robot generator="Robot 3.1.2 (Python 3.8.1 on win32)" generated="20200421 16:42:56.573" rpa="false">
<suite id="s1" name="Tests" source="C:\Users\fritz\PycharmProjects\RebelRentals\tests">
<suite id="s1-s1" name="rebelRentals" source="C:\Users\fritz\PycharmProjects\RebelRentals\tests\rebelRentals.robot">
<kw name="Begin Webtest" library="keywords" type="setup">
<kw name="Open Browser" library="SeleniumLibrary">
<doc>Opens a new browser instance to the optional ``url``.</doc>
<arguments>
<arg>about:blank</arg>
<arg>${BROWSER}</arg>
</arguments>
<msg timestamp="20200421 16:42:56.897" level="INFO">Opening browser 'chrome' to base url 'about:blank'.</msg>
<status status="PASS" starttime="20200421 16:42:56.897" endtime="20200421 16:43:02.243"></status>
</kw>
<status status="PASS" starttime="20200421 16:42:56.896" endtime="20200421 16:43:02.243"></status>
</kw>
<test id="s1-s1-t1" name="WEB1-25 test">
<kw name="Page Loaded" library="keywords">
<kw name="Load Page" library="keywords">
<kw name="Go To" library="SeleniumLibrary">
<doc>Navigates the current browser window to the provided ``url``.</doc>
<arguments>
<arg>${URL}</arg>
</arguments>
<msg timestamp="20200421 16:43:02.250" level="INFO">Opening url 'https://localhost:44353/'</msg>
<status status="PASS" starttime="20200421 16:43:02.249" endtime="20200421 16:43:02.552"></status>
</kw>
<status status="PASS" starttime="20200421 16:43:02.249" endtime="20200421 16:43:02.553"></status>
</kw>
<kw name="Verify Rental Page Loaded" library="keywords">
<kw name="Location Should Be" library="SeleniumLibrary">
<doc>Verifies that the current URL is exactly ``url``.</doc>
<arguments>
<arg>https://localhost:44353/</arg>
</arguments>
<msg timestamp="20200421 16:43:02.562" level="INFO">Current location is 'https://localhost:44353/'.</msg>
<status status="PASS" starttime="20200421 16:43:02.553" endtime="20200421 16:43:02.562"></status>
</kw>
<status status="PASS" starttime="20200421 16:43:02.553" endtime="20200421 16:43:02.563"></status>
</kw>
<status status="PASS" starttime="20200421 16:43:02.248" endtime="20200421 16:43:02.563"></status>
</kw>
<kw name="Verify Rental Page Loaded" library="keywords">
<kw name="Location Should Be" library="SeleniumLibrary">
<doc>Verifies that the current URL is exactly ``url``.</doc>
<arguments>
<arg>https://localhost:44353/</arg>
</arguments>
<msg timestamp="20200421 16:43:02.573" level="INFO">Current location is 'https://localhost:44353/'.</msg>
<status status="PASS" starttime="20200421 16:43:02.566" endtime="20200421 16:43:02.573"></status>
</kw>
<status status="PASS" starttime="20200421 16:43:02.565" endtime="20200421 16:43:02.573"></status>
</kw>
<kw name="Press Ships" library="keywords">
<kw name="Click Element" library="SeleniumLibrary">
<doc>Click the element identified by ``locator``.</doc>
<arguments>
<arg>Xpath://div/div/ul[2]/li[2]/a</arg>
</arguments>
<msg timestamp="20200421 16:43:02.575" level="INFO">Clicking element 'Xpath://div/div/ul[2]/li[2]/a'.</msg>
<status status="PASS" starttime="20200421 16:43:02.574" endtime="20200421 16:43:02.962"></status>
</kw>
<kw name="Location Should Be" library="SeleniumLibrary">
<doc>Verifies that the current URL is exactly ``url``.</doc>
<arguments>
<arg>https://localhost:44353/Ships</arg>
</arguments>
<msg timestamp="20200421 16:43:02.969" level="INFO">Current location is 'https://localhost:44353/Ships'.</msg>
<status status="PASS" starttime="20200421 16:43:02.962" endtime="20200421 16:43:02.969"></status>
</kw>
<status status="PASS" starttime="20200421 16:43:02.574" endtime="20200421 16:43:02.969"></status>
</kw>
<kw name="Find Images" library="keywords">
<kw name="Page Should Contain Image" library="SeleniumLibrary">
<doc>Verifies image identified by ``locator`` is found from current page.</doc>
<arguments>
<arg>Xpath://div/main/table/tbody/tr[2]/td[1]/img</arg>
</arguments>
<msg timestamp="20200421 16:43:03.006" level="INFO">Current page contains image 'Xpath://div/main/table/tbody/tr[2]/td[1]/img'.</msg>
<status status="PASS" starttime="20200421 16:43:02.970" endtime="20200421 16:43:03.006"></status>
</kw>
<kw name="Page Should Contain Image" library="SeleniumLibrary">
<doc>Verifies image identified by ``locator`` is found from current page.</doc>
<arguments>
<arg>Xpath://div/main/table/tbody/tr[1]/td[1]/img</arg>
</arguments>
<msg timestamp="20200421 16:43:03.034" level="INFO">Current page contains image 'Xpath://div/main/table/tbody/tr[1]/td[1]/img'.</msg>
<status status="PASS" starttime="20200421 16:43:03.007" endtime="20200421 16:43:03.034"></status>
</kw>
<status status="PASS" starttime="20200421 16:43:02.970" endtime="20200421 16:43:03.035"></status>
</kw>
<kw name="Enter details" library="keywords">
<kw name="Click Element" library="SeleniumLibrary">
<doc>Click the element identified by ``locator``.</doc>
<arguments>
<arg>Xpath://div/main/table/tbody/tr[1]/td[6]/a[2]</arg>
</arguments>
<msg timestamp="20200421 16:43:03.036" level="INFO">Clicking element 'Xpath://div/main/table/tbody/tr[1]/td[6]/a[2]'.</msg>
<status status="PASS" starttime="20200421 16:43:03.036" endtime="20200421 16:43:03.205"></status>
</kw>
<kw name="Location Should Be" library="SeleniumLibrary">
<doc>Verifies that the current URL is exactly ``url``.</doc>
<arguments>
<arg>https://localhost:44353/Ships/Details?id=2</arg>
</arguments>
<msg timestamp="20200421 16:43:03.214" level="INFO">Current location is 'https://localhost:44353/Ships/Details?id=2'.</msg>
<status status="PASS" starttime="20200421 16:43:03.205" endtime="20200421 16:43:03.215"></status>
</kw>
<status status="PASS" starttime="20200421 16:43:03.035" endtime="20200421 16:43:03.215"></status>
</kw>
<kw name="More Find Images" library="keywords">
<kw name="Page Should Contain Image" library="SeleniumLibrary">
<doc>Verifies image identified by ``locator`` is found from current page.</doc>
<arguments>
<arg>Xpath://div/main/div[1]/img</arg>
</arguments>
<msg timestamp="20200421 16:43:03.249" level="INFO">Current page contains image 'Xpath://div/main/div[1]/img'.</msg>
<status status="PASS" starttime="20200421 16:43:03.216" endtime="20200421 16:43:03.249"></status>
</kw>
<status status="PASS" starttime="20200421 16:43:03.215" endtime="20200421 16:43:03.249"></status>
</kw>
<doc>Yhis is the test case that is going to test the functionality of the list of ships.</doc>
<tags>
<tag>Test WEB1-25</tag>
</tags>
<status status="PASS" starttime="20200421 16:43:02.243" endtime="20200421 16:43:03.250" critical="yes"></status>
</test>
<test id="s1-s1-t2" name="WEB1-42 Test">
<kw name="Page Loaded" library="keywords">
<kw name="Load Page" library="keywords">
<kw name="Go To" library="SeleniumLibrary">
<doc>Navigates the current browser window to the provided ``url``.</doc>
<arguments>
<arg>${URL}</arg>
</arguments>
<msg timestamp="20200421 16:43:03.255" level="INFO">Opening url 'https://localhost:44353/'</msg>
<status status="PASS" starttime="20200421 16:43:03.255" endtime="20200421 16:43:03.359"></status>
</kw>
<status status="PASS" starttime="20200421 16:43:03.254" endtime="20200421 16:43:03.359"></status>
</kw>
<kw name="Verify Rental Page Loaded" library="keywords">
<kw name="Location Should Be" library="SeleniumLibrary">
<doc>Verifies that the current URL is exactly ``url``.</doc>
<arguments>
<arg>https://localhost:44353/</arg>
</arguments>
<msg timestamp="20200421 16:43:03.371" level="INFO">Current location is 'https://localhost:44353/'.</msg>
<status status="PASS" starttime="20200421 16:43:03.360" endtime="20200421 16:43:03.371"></status>
</kw>
<status status="PASS" starttime="20200421 16:43:03.360" endtime="20200421 16:43:03.372"></status>
</kw>
<status status="PASS" starttime="20200421 16:43:03.254" endtime="20200421 16:43:03.372"></status>
</kw>
<kw name="Verify Rental Page Loaded" library="keywords">
<kw name="Location Should Be" library="SeleniumLibrary">
<doc>Verifies that the current URL is exactly ``url``.</doc>
<arguments>
<arg>https://localhost:44353/</arg>
</arguments>
<msg timestamp="20200421 16:43:03.381" level="INFO">Current location is 'https://localhost:44353/'.</msg>
<status status="PASS" starttime="20200421 16:43:03.373" endtime="20200421 16:43:03.381"></status>
</kw>
<status status="PASS" starttime="20200421 16:43:03.372" endtime="20200421 16:43:03.382"></status>
</kw>
<kw name="Press Ships" library="keywords">
<kw name="Click Element" library="SeleniumLibrary">
<doc>Click the element identified by ``locator``.</doc>
<arguments>
<arg>Xpath://div/div/ul[2]/li[2]/a</arg>
</arguments>
<msg timestamp="20200421 16:43:03.383" level="INFO">Clicking element 'Xpath://div/div/ul[2]/li[2]/a'.</msg>
<status status="PASS" starttime="20200421 16:43:03.382" endtime="20200421 16:43:03.642"></status>
</kw>
<kw name="Location Should Be" library="SeleniumLibrary">
<doc>Verifies that the current URL is exactly ``url``.</doc>
<arguments>
<arg>https://localhost:44353/Ships</arg>
</arguments>
<msg timestamp="20200421 16:43:03.654" level="INFO">Current location is 'https://localhost:44353/Ships'.</msg>
<status status="PASS" starttime="20200421 16:43:03.643" endtime="20200421 16:43:03.654"></status>
</kw>
<status status="PASS" starttime="20200421 16:43:03.382" endtime="20200421 16:43:03.655"></status>
</kw>
<kw name="Place An Order" library="keywords">
<kw name="Click Element" library="SeleniumLibrary">
<doc>Click the element identified by ``locator``.</doc>
<arguments>
<arg>Xpath://div/main/table/tbody/tr[1]/td[6]/form/button</arg>
</arguments>
<msg timestamp="20200421 16:43:03.656" level="INFO">Clicking element 'Xpath://div/main/table/tbody/tr[1]/td[6]/form/button'.</msg>
<status status="PASS" starttime="20200421 16:43:03.656" endtime="20200421 16:43:03.925"></status>
</kw>
<kw name="Click Element" library="SeleniumLibrary">
<doc>Click the element identified by ``locator``.</doc>
<arguments>
<arg>Xpath://div/main/table/tbody/tr[2]/td[6]/form/button</arg>
</arguments>
<msg timestamp="20200421 16:43:03.926" level="INFO">Clicking element 'Xpath://div/main/table/tbody/tr[2]/td[6]/form/button'.</msg>
<status status="PASS" starttime="20200421 16:43:03.926" endtime="20200421 16:43:04.174"></status>
</kw>
<status status="PASS" starttime="20200421 16:43:03.655" endtime="20200421 16:43:04.174"></status>
</kw>
<kw name="Go To Order Page" library="keywords">
<kw name="Click Element" library="SeleniumLibrary">
<doc>Click the element identified by ``locator``.</doc>
<arguments>
<arg>Xpath://nav/div/div/ul[1]/li[1]/a/img</arg>
</arguments>
<msg timestamp="20200421 16:43:04.184" level="INFO">Clicking element 'Xpath://nav/div/div/ul[1]/li[1]/a/img'.</msg>
<status status="PASS" starttime="20200421 16:43:04.184" endtime="20200421 16:43:04.452"></status>
</kw>
<kw name="Location Should Be" library="SeleniumLibrary">
<doc>Verifies that the current URL is exactly ``url``.</doc>
<arguments>
<arg>https://localhost:44353/ShoppingCartOverview</arg>
</arguments>
<msg timestamp="20200421 16:43:04.464" level="INFO">Current location is 'https://localhost:44353/ShoppingCartOverview'.</msg>
<status status="PASS" starttime="20200421 16:43:04.453" endtime="20200421 16:43:04.465"></status>
</kw>
<status status="PASS" starttime="20200421 16:43:04.183" endtime="20200421 16:43:04.465"></status>
</kw>
<kw name="Page Should Contain" library="SeleniumLibrary">
<doc>Verifies that current page contains ``text``.</doc>
<arguments>
<arg>A-Wing</arg>
</arguments>
<msg timestamp="20200421 16:43:04.493" level="INFO">Current page contains text 'A-Wing'.</msg>
<status status="PASS" starttime="20200421 16:43:04.465" endtime="20200421 16:43:04.493"></status>
</kw>
<kw name="Page Should Contain" library="SeleniumLibrary">
<doc>Verifies that current page contains ``text``.</doc>
<arguments>
<arg>Death Star</arg>
</arguments>
<msg timestamp="20200421 16:43:04.522" level="INFO">Current page contains text 'Death Star'.</msg>
<status status="PASS" starttime="20200421 16:43:04.495" endtime="20200421 16:43:04.523"></status>
</kw>
<doc>Yhis is the test case that is going to test the functionality of the order page.</doc>
<tags>
<tag>Test WEB-42</tag>
</tags>
<status status="PASS" starttime="20200421 16:43:03.252" endtime="20200421 16:43:04.523" critical="yes"></status>
</test>
<kw name="End webtest" library="keywords" type="teardown">
<kw name="Close Browser" library="SeleniumLibrary">
<doc>Closes the current browser.</doc>
<status status="PASS" starttime="20200421 16:43:04.527" endtime="20200421 16:43:06.915"></status>
</kw>
<status status="PASS" starttime="20200421 16:43:04.526" endtime="20200421 16:43:06.915"></status>
</kw>
<doc>This is some basic info about the whole test suite</doc>
<status status="PASS" starttime="20200421 16:42:56.617" endtime="20200421 16:43:06.915"></status>
</suite>
<status status="PASS" starttime="20200421 16:42:56.576" endtime="20200421 16:43:06.921"></status>
</suite>
<statistics>
<total>
<stat pass="2" fail="0">Critical Tests</stat>
<stat pass="2" fail="0">All Tests</stat>
</total>
<tag>
<stat pass="1" fail="0">Test WEB-42</stat>
<stat pass="1" fail="0">Test WEB1-25</stat>
</tag>
<suite>
<stat pass="2" fail="0" id="s1" name="Tests">Tests</stat>
<stat pass="2" fail="0" id="s1-s1" name="rebelRentals">Tests.rebelRentals</stat>
</suite>
</statistics>
<errors>
</errors>
</robot>
